2024-02-24 13:08:23.348 [restartedMain] "  " WARN  c.b.mybatisplus.core.injector.AbstractMethod - [com.recruit.mapper.NotifyMapper.update] Has been loaded by XML or SqlProvider or Mybatis's Annotation, so ignoring this injection for [class com.baomidou.mybatisplus.core.injector.methods.Update]
2024-02-24 13:08:24.050 [restartedMain] "  " WARN  o.s.b.w.s.c.AnnotationConfigServletWebServerApplicationContext - Exception encountered during context initialization - cancelling refresh attempt: org.springframework.context.ApplicationContextException: Failed to start bean 'webServerStartStop'; nested exception is org.springframework.boot.web.server.PortInUseException: Port 5000 is already in use
2024-02-24 13:10:49.064 [restartedMain] "  " WARN  c.b.mybatisplus.core.injector.AbstractMethod - [com.recruit.mapper.NotifyMapper.update] Has been loaded by XML or SqlProvider or Mybatis's Annotation, so ignoring this injection for [class com.baomidou.mybatisplus.core.injector.methods.Update]
2024-02-24 13:51:05.399 [http-nio-80-exec-6] "GET /recruit/hr-company/1 HTTP/1.1" WARN  o.s.w.s.m.m.a.ExceptionHandlerExceptionResolver - Resolved [io.github.talelin.autoconfigure.exception.NotFoundException: Not Found]
2024-02-24 13:51:43.635 [http-nio-80-exec-10] "GET /recruit/hr-company/1 HTTP/1.1" WARN  o.s.w.s.m.m.a.ExceptionHandlerExceptionResolver - Resolved [io.github.talelin.autoconfigure.exception.NotFoundException: Not Found]
2024-02-24 13:54:49.445 [http-nio-80-exec-10] "GET /recruit/hr-company/1 HTTP/1.1" WARN  o.s.w.s.m.m.a.ExceptionHandlerExceptionResolver - Resolved [io.github.talelin.autoconfigure.exception.NotFoundException: Not Found]
2024-02-24 13:55:36.452 [http-nio-80-exec-4] "GET /recruit/hr-company/1 HTTP/1.1" WARN  o.s.w.s.m.m.a.ExceptionHandlerExceptionResolver - Resolved [io.github.talelin.autoconfigure.exception.NotFoundException: Not Found]
2024-02-24 13:55:42.205 [http-nio-80-exec-9] "GET /recruit/hr-company/1 HTTP/1.1" WARN  o.s.w.s.m.m.a.ExceptionHandlerExceptionResolver - Resolved [io.github.talelin.autoconfigure.exception.NotFoundException: Not Found]
2024-02-24 13:55:48.409 [http-nio-80-exec-5] "GET /recruit/hr-company/1 HTTP/1.1" WARN  o.s.w.s.m.m.a.ExceptionHandlerExceptionResolver - Resolved [io.github.talelin.autoconfigure.exception.NotFoundException: Not Found]
2024-02-24 14:00:30.419 [http-nio-80-exec-8] "GET /recruit/resume/null HTTP/1.1" WARN  o.s.w.s.m.m.a.ExceptionHandlerExceptionResolver - Resolved [org.springframework.web.method.annotation.MethodArgumentTypeMismatchException: Failed to convert value of type 'java.lang.String' to required type 'java.lang.Integer'; nested exception is java.lang.NumberFormatException: For input string: "null"]
2024-02-24 14:03:12.155 [restartedMain] "  " WARN  c.b.mybatisplus.core.injector.AbstractMethod - [com.recruit.mapper.NotifyMapper.update] Has been loaded by XML or SqlProvider or Mybatis's Annotation, so ignoring this injection for [class com.baomidou.mybatisplus.core.injector.methods.Update]
2024-02-24 14:03:15.679 [http-nio-80-exec-1] "POST /recruit/user/register HTTP/1.1" WARN  o.s.w.s.m.m.a.ExceptionHandlerExceptionResolver - Resolved [io.github.talelin.autoconfigure.exception.ForbiddenException: Forbidden]
2024-02-24 14:06:07.571 [http-nio-80-exec-8] "GET /recruit/user/getGroup/17 HTTP/1.1" WARN  o.s.w.s.m.m.a.ExceptionHandlerExceptionResolver - Resolved [org.mybatis.spring.MyBatisSystemException: nested exception is org.apache.ibatis.exceptions.TooManyResultsException: Expected one result (or null) to be returned by selectOne(), but found: 2]
2024-02-24 14:06:15.007 [http-nio-80-exec-3] "GET /recruit/hr-company/17 HTTP/1.1" WARN  o.s.w.s.m.m.a.ExceptionHandlerExceptionResolver - Resolved [io.github.talelin.autoconfigure.exception.NotFoundException: Not Found]
2024-02-24 14:06:27.210 [http-nio-80-exec-7] "GET /recruit/hr-company/17 HTTP/1.1" WARN  o.s.w.s.m.m.a.ExceptionHandlerExceptionResolver - Resolved [io.github.talelin.autoconfigure.exception.NotFoundException: Not Found]
2024-02-24 14:07:45.602 [http-nio-80-exec-3] "GET /recruit/user/getGroup/17 HTTP/1.1" WARN  o.s.w.s.m.m.a.ExceptionHandlerExceptionResolver - Resolved [org.mybatis.spring.MyBatisSystemException: nested exception is org.apache.ibatis.exceptions.TooManyResultsException: Expected one result (or null) to be returned by selectOne(), but found: 2]
2024-02-24 14:08:31.757 [http-nio-80-exec-4] "POST /recruit/position HTTP/1.1" WARN  o.s.w.s.m.m.a.ExceptionHandlerExceptionResolver - Resolved [org.springframework.http.converter.HttpMessageNotReadableException: JSON parse error: Cannot deserialize value of type `java.lang.Integer` from String "500w": not a valid Integer value; nested exception is com.fasterxml.jackson.databind.exc.InvalidFormatException: Cannot deserialize value of type `java.lang.Integer` from String "500w": not a valid Integer value
 at [Source: (PushbackInputStream); line: 1, column: 111] (through reference chain: com.recruit.dto.position.CreateOrUpdatePositionDTO["salary_up"])]
2024-02-24 14:08:38.914 [http-nio-80-exec-7] "POST /recruit/position HTTP/1.1" WARN  o.s.w.s.m.m.a.ExceptionHandlerExceptionResolver - Resolved [org.springframework.http.converter.HttpMessageNotReadableException: JSON parse error: Cannot deserialize value of type `java.lang.Integer` from String "500w": not a valid Integer value; nested exception is com.fasterxml.jackson.databind.exc.InvalidFormatException: Cannot deserialize value of type `java.lang.Integer` from String "500w": not a valid Integer value
 at [Source: (PushbackInputStream); line: 1, column: 111] (through reference chain: com.recruit.dto.position.CreateOrUpdatePositionDTO["salary_up"])]
2024-02-24 14:22:05.023 [HikariPool-2 housekeeper] "  " WARN  com.zaxxer.hikari.pool.HikariPool - HikariPool-2 - Thread starvation or clock leap detected (housekeeper delta=2m52s741ms).
2024-02-24 14:39:22.645 [HikariPool-2 housekeeper] "  " WARN  com.zaxxer.hikari.pool.HikariPool - HikariPool-2 - Thread starvation or clock leap detected (housekeeper delta=17m17s623ms).
2024-02-24 14:58:39.850 [HikariPool-2 housekeeper] "  " WARN  com.zaxxer.hikari.pool.HikariPool - HikariPool-2 - Thread starvation or clock leap detected (housekeeper delta=17m17s186ms).
2024-02-24 15:19:09.763 [HikariPool-2 housekeeper] "  " WARN  com.zaxxer.hikari.pool.HikariPool - HikariPool-2 - Thread starvation or clock leap detected (housekeeper delta=17m59s878ms).
2024-02-24 15:36:14.461 [HikariPool-2 housekeeper] "  " WARN  com.zaxxer.hikari.pool.HikariPool - HikariPool-2 - Thread starvation or clock leap detected (housekeeper delta=16m34s686ms).
2024-02-24 15:56:05.166 [HikariPool-2 housekeeper] "  " WARN  com.zaxxer.hikari.pool.HikariPool - HikariPool-2 - Thread starvation or clock leap detected (housekeeper delta=16m20s662ms).
2024-02-24 16:03:27.612 [HikariPool-2 housekeeper] "  " WARN  com.zaxxer.hikari.pool.HikariPool - HikariPool-2 - Thread starvation or clock leap detected (housekeeper delta=5m52s419ms).
