2024-03-04 18:24:50.026 [restartedMain] "  " WARN  c.b.mybatisplus.core.injector.AbstractMethod - [com.recruit.mapper.NotifyMapper.update] Has been loaded by XML or SqlProvider or Mybatis's Annotation, so ignoring this injection for [class com.baomidou.mybatisplus.core.injector.methods.Update]
2024-03-04 18:24:50.674 [restartedMain] "  " WARN  o.s.b.d.autoconfigure.OptionalLiveReloadServer - Unable to start LiveReload server
2024-03-04 18:24:50.703 [restartedMain] "  " WARN  o.s.b.w.s.c.AnnotationConfigServletWebServerApplicationContext - Exception encountered during context initialization - cancelling refresh attempt: org.springframework.context.ApplicationContextException: Failed to start bean 'webServerStartStop'; nested exception is org.springframework.boot.web.server.PortInUseException: Port 80 is already in use
2024-03-04 18:35:09.633 [restartedMain] "  " WARN  c.b.mybatisplus.core.injector.AbstractMethod - [com.recruit.mapper.NotifyMapper.update] Has been loaded by XML or SqlProvider or Mybatis's Annotation, so ignoring this injection for [class com.baomidou.mybatisplus.core.injector.methods.Update]
2024-03-04 18:35:10.252 [restartedMain] "  " WARN  o.s.b.d.autoconfigure.OptionalLiveReloadServer - Unable to start LiveReload server
2024-03-04 18:35:10.280 [restartedMain] "  " WARN  o.s.b.w.s.c.AnnotationConfigServletWebServerApplicationContext - Exception encountered during context initialization - cancelling refresh attempt: org.springframework.context.ApplicationContextException: Failed to start bean 'webServerStartStop'; nested exception is org.springframework.boot.web.server.PortInUseException: Port 80 is already in use
2024-03-04 18:38:15.904 [restartedMain] "  " WARN  c.b.mybatisplus.core.injector.AbstractMethod - [com.recruit.mapper.NotifyMapper.update] Has been loaded by XML or SqlProvider or Mybatis's Annotation, so ignoring this injection for [class com.baomidou.mybatisplus.core.injector.methods.Update]
2024-03-04 18:38:16.491 [restartedMain] "  " WARN  o.s.b.d.autoconfigure.OptionalLiveReloadServer - Unable to start LiveReload server
2024-03-04 19:05:18.912 [HikariPool-1 housekeeper] "  " WARN  com.zaxxer.hikari.pool.HikariPool - HikariPool-1 - Thread starvation or clock leap detected (housekeeper delta=9m30s740ms).
2024-03-04 19:12:21.916 [HikariPool-1 housekeeper] "  " WARN  com.zaxxer.hikari.pool.HikariPool - HikariPool-1 - Thread starvation or clock leap detected (housekeeper delta=6m32s993ms).
2024-03-04 19:52:45.169 [HikariPool-1 housekeeper] "  " WARN  com.zaxxer.hikari.pool.HikariPool - HikariPool-1 - Thread starvation or clock leap detected (housekeeper delta=7m20s779ms).
2024-03-04 19:59:37.403 [HikariPool-1 housekeeper] "  " WARN  com.zaxxer.hikari.pool.HikariPool - HikariPool-1 - Thread starvation or clock leap detected (housekeeper delta=6m22s221ms).
2024-03-04 20:55:36.103 [HikariPool-1 housekeeper] "  " WARN  com.zaxxer.hikari.pool.HikariPool - HikariPool-1 - Thread starvation or clock leap detected (housekeeper delta=58s89ms).
2024-03-04 21:01:33.459 [HikariPool-1 housekeeper] "  " WARN  com.zaxxer.hikari.pool.HikariPool - HikariPool-1 - Thread starvation or clock leap detected (housekeeper delta=5m27s360ms).
2024-03-04 21:03:00.685 [HikariPool-1 housekeeper] "  " WARN  com.zaxxer.hikari.pool.HikariPool - HikariPool-1 - Thread starvation or clock leap detected (housekeeper delta=57s217ms).
2024-03-04 21:18:57.884 [HikariPool-1 housekeeper] "  " WARN  com.zaxxer.hikari.pool.HikariPool - HikariPool-1 - Thread starvation or clock leap detected (housekeeper delta=15m57s200ms).
2024-03-04 21:36:31.285 [HikariPool-1 housekeeper] "  " WARN  com.zaxxer.hikari.pool.HikariPool - HikariPool-1 - Thread starvation or clock leap detected (housekeeper delta=16m3s352ms).
2024-03-04 21:48:59.614 [HikariPool-1 housekeeper] "  " WARN  com.zaxxer.hikari.pool.HikariPool - HikariPool-1 - Thread starvation or clock leap detected (housekeeper delta=1m26s392ms).
2024-03-04 22:06:01.734 [HikariPool-1 housekeeper] "  " WARN  com.zaxxer.hikari.pool.HikariPool - HikariPool-1 - Thread starvation or clock leap detected (housekeeper delta=16m32s118ms).
2024-03-04 22:09:59.878 [HikariPool-1 housekeeper] "  " WARN  com.zaxxer.hikari.pool.HikariPool - HikariPool-1 - Thread starvation or clock leap detected (housekeeper delta=2m28s109ms).
2024-03-04 22:11:27.931 [HikariPool-1 housekeeper] "  " WARN  com.zaxxer.hikari.pool.HikariPool - HikariPool-1 - Thread starvation or clock leap detected (housekeeper delta=58s42ms).
2024-03-04 22:29:21.330 [HikariPool-1 housekeeper] "  " WARN  com.zaxxer.hikari.pool.HikariPool - HikariPool-1 - Thread starvation or clock leap detected (housekeeper delta=17m53s399ms).
2024-03-04 22:36:32.722 [HikariPool-1 housekeeper] "  " WARN  com.zaxxer.hikari.pool.HikariPool - HikariPool-1 - Thread starvation or clock leap detected (housekeeper delta=5m41s390ms).
2024-03-04 23:27:07.734 [HikariPool-1 housekeeper] "  " WARN  com.zaxxer.hikari.pool.HikariPool - HikariPool-1 - Thread starvation or clock leap detected (housekeeper delta=6m32s159ms).
