2024-03-11 00:05:21.018 [http-nio-80-exec-2] "GET /favicon.ico HTTP/1.1" WARN  org.springframework.web.servlet.PageNotFound - No mapping for GET /favicon.ico
2024-03-11 00:05:21.039 [http-nio-80-exec-2] "GET /favicon.ico HTTP/1.1" WARN  o.s.w.s.m.m.a.ExceptionHandlerExceptionResolver - Resolved [org.springframework.web.servlet.NoHandlerFoundException: No handler found for GET /favicon.ico]
2024-03-11 00:16:54.040 [restartedMain] "  " WARN  c.b.mybatisplus.core.injector.AbstractMethod - [com.recruit.mapper.NotifyMapper.update] Has been loaded by XML or SqlProvider or Mybatis's Annotation, so ignoring this injection for [class com.baomidou.mybatisplus.core.injector.methods.Update]
2024-03-11 00:42:22.956 [restartedMain] "  " WARN  c.b.mybatisplus.core.injector.AbstractMethod - [com.recruit.mapper.NotifyMapper.update] Has been loaded by XML or SqlProvider or Mybatis's Annotation, so ignoring this injection for [class com.baomidou.mybatisplus.core.injector.methods.Update]
2024-03-11 00:42:40.184 [http-nio-80-exec-1] "GET /chat HTTP/1.1" WARN  org.springframework.web.servlet.PageNotFound - No mapping for GET /chat
2024-03-11 00:42:40.219 [http-nio-80-exec-1] "GET /chat HTTP/1.1" WARN  o.s.w.s.m.m.a.ExceptionHandlerExceptionResolver - Resolved [org.springframework.web.servlet.NoHandlerFoundException: No handler found for GET /chat]
2024-03-11 00:45:29.699 [http-nio-80-exec-3] "GET /chat/ HTTP/1.1" WARN  org.springframework.web.servlet.PageNotFound - No mapping for GET /chat/
2024-03-11 00:45:29.709 [http-nio-80-exec-3] "GET /chat/ HTTP/1.1" WARN  o.s.w.s.m.m.a.ExceptionHandlerExceptionResolver - Resolved [org.springframework.web.servlet.NoHandlerFoundException: No handler found for GET /chat/]
2024-03-11 00:47:24.322 [http-nio-80-exec-4] "GET /chat/ HTTP/1.1" WARN  org.springframework.web.servlet.PageNotFound - No mapping for GET /chat/
2024-03-11 00:47:24.332 [http-nio-80-exec-4] "GET /chat/ HTTP/1.1" WARN  o.s.w.s.m.m.a.ExceptionHandlerExceptionResolver - Resolved [org.springframework.web.servlet.NoHandlerFoundException: No handler found for GET /chat/]
2024-03-11 00:48:22.970 [http-nio-80-exec-3] "GET /chat/ HTTP/1.1" WARN  org.springframework.web.servlet.PageNotFound - No mapping for GET /chat/
2024-03-11 00:48:22.972 [http-nio-80-exec-3] "GET /chat/ HTTP/1.1" WARN  o.s.w.s.m.m.a.ExceptionHandlerExceptionResolver - Resolved [org.springframework.web.servlet.NoHandlerFoundException: No handler found for GET /chat/]
2024-03-11 00:49:46.161 [http-nio-80-exec-4] "GET /recruit/interview/page/find/1 HTTP/1.1" WARN  o.s.w.s.m.m.a.ExceptionHandlerExceptionResolver - Resolved [io.github.talelin.autoconfigure.exception.TokenExpiredException: Token Expired]
2024-03-11 00:51:11.320 [restartedMain] "  " WARN  c.b.mybatisplus.core.injector.AbstractMethod - [com.recruit.mapper.NotifyMapper.update] Has been loaded by XML or SqlProvider or Mybatis's Annotation, so ignoring this injection for [class com.baomidou.mybatisplus.core.injector.methods.Update]
2024-03-11 00:52:03.873 [restartedMain] "  " WARN  c.b.mybatisplus.core.injector.AbstractMethod - [com.recruit.mapper.NotifyMapper.update] Has been loaded by XML or SqlProvider or Mybatis's Annotation, so ignoring this injection for [class com.baomidou.mybatisplus.core.injector.methods.Update]
2024-03-11 00:58:48.187 [http-nio-80-exec-1] "GET /recruit/hr-company/1 HTTP/1.1" WARN  o.s.w.s.m.m.a.ExceptionHandlerExceptionResolver - Resolved [io.github.talelin.autoconfigure.exception.NotFoundException: Not Found]
2024-03-11 00:58:52.992 [http-nio-80-exec-3] "GET /recruit/hr-company/1 HTTP/1.1" WARN  o.s.w.s.m.m.a.ExceptionHandlerExceptionResolver - Resolved [io.github.talelin.autoconfigure.exception.NotFoundException: Not Found]
2024-03-11 00:58:59.958 [http-nio-80-exec-1] "GET /recruit/resume/null HTTP/1.1" WARN  o.s.w.s.m.m.a.ExceptionHandlerExceptionResolver - Resolved [org.springframework.web.method.annotation.MethodArgumentTypeMismatchException: Failed to convert value of type 'java.lang.String' to required type 'java.lang.Integer'; nested exception is java.lang.NumberFormatException: For input string: "null"]
2024-03-11 01:01:07.948 [restartedMain] "  " WARN  c.b.mybatisplus.core.injector.AbstractMethod - [com.recruit.mapper.NotifyMapper.update] Has been loaded by XML or SqlProvider or Mybatis's Annotation, so ignoring this injection for [class com.baomidou.mybatisplus.core.injector.methods.Update]
2024-03-11 01:04:20.659 [restartedMain] "  " WARN  c.b.mybatisplus.core.injector.AbstractMethod - [com.recruit.mapper.NotifyMapper.update] Has been loaded by XML or SqlProvider or Mybatis's Annotation, so ignoring this injection for [class com.baomidou.mybatisplus.core.injector.methods.Update]
2024-03-11 01:04:28.833 [http-nio-80-exec-1] "GET /recruit/interview/page/1 HTTP/1.1" WARN  o.s.w.s.m.m.a.ExceptionHandlerExceptionResolver - Resolved [io.github.talelin.autoconfigure.exception.AuthorizationException: Authorization Failed]
2024-03-11 01:37:33.272 [http-nio-80-exec-8] "OPTIONS /recruit/user/getGroup/ HTTP/1.1" WARN  org.springframework.web.servlet.PageNotFound - No mapping for OPTIONS /recruit/user/getGroup/
2024-03-11 01:37:33.273 [http-nio-80-exec-8] "OPTIONS /recruit/user/getGroup/ HTTP/1.1" WARN  o.s.w.s.m.m.a.ExceptionHandlerExceptionResolver - Resolved [org.springframework.web.servlet.NoHandlerFoundException: No handler found for OPTIONS /recruit/user/getGroup/]
2024-03-11 01:37:40.696 [http-nio-80-exec-6] "OPTIONS /recruit/user/getGroup/ HTTP/1.1" WARN  org.springframework.web.servlet.PageNotFound - No mapping for OPTIONS /recruit/user/getGroup/
2024-03-11 01:37:40.697 [http-nio-80-exec-6] "OPTIONS /recruit/user/getGroup/ HTTP/1.1" WARN  o.s.w.s.m.m.a.ExceptionHandlerExceptionResolver - Resolved [org.springframework.web.servlet.NoHandlerFoundException: No handler found for OPTIONS /recruit/user/getGroup/]
2024-03-11 01:37:52.422 [http-nio-80-exec-5] "POST /recruit/user/login HTTP/1.1" WARN  o.s.w.s.m.m.a.ExceptionHandlerExceptionResolver - Resolved [org.springframework.web.bind.MethodArgumentNotValidException: Validation failed for argument [0] in public io.github.talelin.core.token.Tokens com.recruit.controller.UserController.login(com.recruit.dto.user.LoginDTO) with 2 errors: [Field error in object 'loginDTO' on field 'password': rejected value []; codes [NotBlank.loginDTO.password,NotBlank.password,NotBlank.java.lang.String,NotBlank]; arguments [org.springframework.context.support.DefaultMessageSourceResolvable: codes [loginDTO.password,password]; arguments []; default message [password]]; default message [密码不可为空]] [Field error in object 'loginDTO' on field 'username': rejected value []; codes [NotBlank.loginDTO.username,NotBlank.username,NotBlank.java.lang.String,NotBlank]; arguments [org.springframework.context.support.DefaultMessageSourceResolvable: codes [loginDTO.username,username]; arguments []; default message [username]]; default message [用户名不可为空]] ]
2024-03-11 01:37:55.090 [http-nio-80-exec-1] "POST /recruit/user/login HTTP/1.1" WARN  o.s.w.s.m.m.a.ExceptionHandlerExceptionResolver - Resolved [org.springframework.web.bind.MethodArgumentNotValidException: Validation failed for argument [0] in public io.github.talelin.core.token.Tokens com.recruit.controller.UserController.login(com.recruit.dto.user.LoginDTO): [Field error in object 'loginDTO' on field 'username': rejected value []; codes [NotBlank.loginDTO.username,NotBlank.username,NotBlank.java.lang.String,NotBlank]; arguments [org.springframework.context.support.DefaultMessageSourceResolvable: codes [loginDTO.username,username]; arguments []; default message [username]]; default message [用户名不可为空]] ]
2024-03-11 01:37:56.963 [http-nio-80-exec-4] "POST /recruit/user/login HTTP/1.1" WARN  o.s.w.s.m.m.a.ExceptionHandlerExceptionResolver - Resolved [io.github.talelin.autoconfigure.exception.NotFoundException: Not Found]
2024-03-11 01:39:40.908 [http-nio-80-exec-5] "OPTIONS /recruit/user/getGroup/ HTTP/1.1" WARN  org.springframework.web.servlet.PageNotFound - No mapping for OPTIONS /recruit/user/getGroup/
2024-03-11 01:39:40.910 [http-nio-80-exec-5] "OPTIONS /recruit/user/getGroup/ HTTP/1.1" WARN  o.s.w.s.m.m.a.ExceptionHandlerExceptionResolver - Resolved [org.springframework.web.servlet.NoHandlerFoundException: No handler found for OPTIONS /recruit/user/getGroup/]
2024-03-11 01:44:40.791 [http-nio-80-exec-2] "GET /recruit/hr-company/1 HTTP/1.1" WARN  o.s.w.s.m.m.a.ExceptionHandlerExceptionResolver - Resolved [io.github.talelin.autoconfigure.exception.NotFoundException: Not Found]
2024-03-11 02:10:39.493 [HikariPool-2 housekeeper] "  " WARN  com.zaxxer.hikari.pool.HikariPool - HikariPool-2 - Thread starvation or clock leap detected (housekeeper delta=8m48s382ms).
2024-03-11 02:17:58.057 [http-nio-80-exec-5] "GET /0e0ea5ec34d64b69283e.hot-update.json HTTP/1.1" WARN  org.springframework.web.servlet.PageNotFound - No mapping for GET /0e0ea5ec34d64b69283e.hot-update.json
2024-03-11 02:17:58.062 [http-nio-80-exec-5] "GET /0e0ea5ec34d64b69283e.hot-update.json HTTP/1.1" WARN  o.s.w.s.m.m.a.ExceptionHandlerExceptionResolver - Resolved [org.springframework.web.servlet.NoHandlerFoundException: No handler found for GET /0e0ea5ec34d64b69283e.hot-update.json]
2024-03-11 02:22:56.346 [http-nio-80-exec-2] "GET /19c757e6e05fb164304a.hot-update.json HTTP/1.1" WARN  org.springframework.web.servlet.PageNotFound - No mapping for GET /19c757e6e05fb164304a.hot-update.json
2024-03-11 02:22:56.354 [http-nio-80-exec-2] "GET /19c757e6e05fb164304a.hot-update.json HTTP/1.1" WARN  o.s.w.s.m.m.a.ExceptionHandlerExceptionResolver - Resolved [org.springframework.web.servlet.NoHandlerFoundException: No handler found for GET /19c757e6e05fb164304a.hot-update.json]
2024-03-11 02:30:13.715 [http-nio-80-exec-5] "GET /recruit/resume/null HTTP/1.1" WARN  o.s.w.s.m.m.a.ExceptionHandlerExceptionResolver - Resolved [org.springframework.web.method.annotation.MethodArgumentTypeMismatchException: Failed to convert value of type 'java.lang.String' to required type 'java.lang.Integer'; nested exception is java.lang.NumberFormatException: For input string: "null"]
2024-03-11 02:30:28.630 [http-nio-80-exec-8] "GET /recruit/resume/null HTTP/1.1" WARN  o.s.w.s.m.m.a.ExceptionHandlerExceptionResolver - Resolved [org.springframework.web.method.annotation.MethodArgumentTypeMismatchException: Failed to convert value of type 'java.lang.String' to required type 'java.lang.Integer'; nested exception is java.lang.NumberFormatException: For input string: "null"]
2024-03-11 02:30:31.538 [http-nio-80-exec-6] "GET /recruit/resume/null HTTP/1.1" WARN  o.s.w.s.m.m.a.ExceptionHandlerExceptionResolver - Resolved [org.springframework.web.method.annotation.MethodArgumentTypeMismatchException: Failed to convert value of type 'java.lang.String' to required type 'java.lang.Integer'; nested exception is java.lang.NumberFormatException: For input string: "null"]
2024-03-11 02:37:04.672 [HikariPool-2 housekeeper] "  " WARN  com.zaxxer.hikari.pool.HikariPool - HikariPool-2 - Thread starvation or clock leap detected (housekeeper delta=4m25s16ms).
2024-03-11 02:53:08.591 [HikariPool-2 housekeeper] "  " WARN  com.zaxxer.hikari.pool.HikariPool - HikariPool-2 - Thread starvation or clock leap detected (housekeeper delta=15m33s908ms).
2024-03-11 03:12:46.757 [HikariPool-2 housekeeper] "  " WARN  com.zaxxer.hikari.pool.HikariPool - HikariPool-2 - Thread starvation or clock leap detected (housekeeper delta=15m38s115ms).
2024-03-11 03:31:23.408 [HikariPool-2 housekeeper] "  " WARN  com.zaxxer.hikari.pool.HikariPool - HikariPool-2 - Thread starvation or clock leap detected (housekeeper delta=15m36s608ms).
2024-03-11 03:36:58.056 [HikariPool-2 housekeeper] "  " WARN  com.zaxxer.hikari.pool.HikariPool - HikariPool-2 - Thread starvation or clock leap detected (housekeeper delta=4m4s637ms).
2024-03-11 03:55:43.943 [HikariPool-2 housekeeper] "  " WARN  com.zaxxer.hikari.pool.HikariPool - HikariPool-2 - Thread starvation or clock leap detected (housekeeper delta=16m15s866ms).
2024-03-11 04:14:16.944 [HikariPool-2 housekeeper] "  " WARN  com.zaxxer.hikari.pool.HikariPool - HikariPool-2 - Thread starvation or clock leap detected (housekeeper delta=15m33s13ms).
2024-03-11 04:32:58.875 [HikariPool-2 housekeeper] "  " WARN  com.zaxxer.hikari.pool.HikariPool - HikariPool-2 - Thread starvation or clock leap detected (housekeeper delta=16m11s892ms).
2024-03-11 04:37:35.423 [HikariPool-2 housekeeper] "  " WARN  com.zaxxer.hikari.pool.HikariPool - HikariPool-2 - Thread starvation or clock leap detected (housekeeper delta=1m36s478ms).
2024-03-11 04:56:48.073 [HikariPool-2 housekeeper] "  " WARN  com.zaxxer.hikari.pool.HikariPool - HikariPool-2 - Thread starvation or clock leap detected (housekeeper delta=16m42s602ms).
2024-03-11 05:15:49.773 [HikariPool-2 housekeeper] "  " WARN  com.zaxxer.hikari.pool.HikariPool - HikariPool-2 - Thread starvation or clock leap detected (housekeeper delta=16m31s653ms).
2024-03-11 05:37:18.244 [HikariPool-2 housekeeper] "  " WARN  com.zaxxer.hikari.pool.HikariPool - HikariPool-2 - Thread starvation or clock leap detected (housekeeper delta=15m28s376ms).
2024-03-11 05:55:55.225 [HikariPool-2 housekeeper] "  " WARN  com.zaxxer.hikari.pool.HikariPool - HikariPool-2 - Thread starvation or clock leap detected (housekeeper delta=16m6s930ms).
2024-03-11 06:16:04.456 [HikariPool-2 housekeeper] "  " WARN  com.zaxxer.hikari.pool.HikariPool - HikariPool-2 - Thread starvation or clock leap detected (housekeeper delta=18m9s208ms).
2024-03-11 06:35:13.441 [HikariPool-2 housekeeper] "  " WARN  com.zaxxer.hikari.pool.HikariPool - HikariPool-2 - Thread starvation or clock leap detected (housekeeper delta=16m38s943ms).
2024-03-11 06:54:42.155 [HikariPool-2 housekeeper] "  " WARN  com.zaxxer.hikari.pool.HikariPool - HikariPool-2 - Thread starvation or clock leap detected (housekeeper delta=16m28s658ms).
2024-03-11 07:14:49.833 [HikariPool-2 housekeeper] "  " WARN  com.zaxxer.hikari.pool.HikariPool - HikariPool-2 - Thread starvation or clock leap detected (housekeeper delta=17m37s633ms).
2024-03-11 07:33:02.888 [HikariPool-2 housekeeper] "  " WARN  com.zaxxer.hikari.pool.HikariPool - HikariPool-2 - Thread starvation or clock leap detected (housekeeper delta=15m43s21ms).
2024-03-11 07:48:56.698 [HikariPool-2 housekeeper] "  " WARN  com.zaxxer.hikari.pool.HikariPool - HikariPool-2 - Thread starvation or clock leap detected (housekeeper delta=13m23s753ms).
2024-03-11 08:00:10.608 [HikariPool-2 housekeeper] "  " WARN  com.zaxxer.hikari.pool.HikariPool - HikariPool-2 - Thread starvation or clock leap detected (housekeeper delta=9m13s885ms).
2024-03-11 08:21:37.126 [HikariPool-2 housekeeper] "  " WARN  com.zaxxer.hikari.pool.HikariPool - HikariPool-2 - Thread starvation or clock leap detected (housekeeper delta=17m56s481ms).
2024-03-11 08:26:01.901 [HikariPool-2 housekeeper] "  " WARN  com.zaxxer.hikari.pool.HikariPool - HikariPool-2 - Thread starvation or clock leap detected (housekeeper delta=2m24s730ms).
2024-03-11 08:46:22.247 [HikariPool-2 housekeeper] "  " WARN  com.zaxxer.hikari.pool.HikariPool - HikariPool-2 - Thread starvation or clock leap detected (housekeeper delta=16m50s278ms).
2024-03-11 09:04:00.592 [HikariPool-2 housekeeper] "  " WARN  com.zaxxer.hikari.pool.HikariPool - HikariPool-2 - Thread starvation or clock leap detected (housekeeper delta=16m8s317ms).
2024-03-11 09:25:44.155 [HikariPool-2 housekeeper] "  " WARN  com.zaxxer.hikari.pool.HikariPool - HikariPool-2 - Thread starvation or clock leap detected (housekeeper delta=18m13s515ms).
2024-03-11 09:44:07.479 [HikariPool-2 housekeeper] "  " WARN  com.zaxxer.hikari.pool.HikariPool - HikariPool-2 - Thread starvation or clock leap detected (housekeeper delta=16m23s318ms).
2024-03-11 10:03:22.115 [HikariPool-2 housekeeper] "  " WARN  com.zaxxer.hikari.pool.HikariPool - HikariPool-2 - Thread starvation or clock leap detected (housekeeper delta=15m44s615ms).
2024-03-11 10:21:41.703 [HikariPool-2 housekeeper] "  " WARN  com.zaxxer.hikari.pool.HikariPool - HikariPool-2 - Thread starvation or clock leap detected (housekeeper delta=16m19s558ms).
2024-03-11 10:27:07.899 [HikariPool-2 housekeeper] "  " WARN  com.zaxxer.hikari.pool.HikariPool - HikariPool-2 - Thread starvation or clock leap detected (housekeeper delta=1m56s201ms).
2024-03-11 10:44:06.413 [HikariPool-2 housekeeper] "  " WARN  com.zaxxer.hikari.pool.HikariPool - HikariPool-2 - Thread starvation or clock leap detected (housekeeper delta=15m28s489ms).
2024-03-11 11:03:09.768 [HikariPool-2 housekeeper] "  " WARN  com.zaxxer.hikari.pool.HikariPool - HikariPool-2 - Thread starvation or clock leap detected (housekeeper delta=15m33s287ms).
2024-03-11 11:44:35.981 [HikariPool-2 housekeeper] "  " WARN  com.zaxxer.hikari.pool.HikariPool - HikariPool-2 - Thread starvation or clock leap detected (housekeeper delta=16m26s14ms).
2024-03-11 12:03:24.025 [HikariPool-2 housekeeper] "  " WARN  com.zaxxer.hikari.pool.HikariPool - HikariPool-2 - Thread starvation or clock leap detected (housekeeper delta=16m48s7ms).
2024-03-11 12:23:36.525 [HikariPool-2 housekeeper] "  " WARN  com.zaxxer.hikari.pool.HikariPool - HikariPool-2 - Thread starvation or clock leap detected (housekeeper delta=16m42s448ms).
2024-03-11 12:41:57.666 [HikariPool-2 housekeeper] "  " WARN  com.zaxxer.hikari.pool.HikariPool - HikariPool-2 - Thread starvation or clock leap detected (housekeeper delta=12m51s64ms).
2024-03-11 13:05:54.314 [HikariPool-2 housekeeper] "  " WARN  com.zaxxer.hikari.pool.HikariPool - HikariPool-2 - Thread starvation or clock leap detected (housekeeper delta=17m56s538ms).
2024-03-11 13:24:13.404 [HikariPool-2 housekeeper] "  " WARN  com.zaxxer.hikari.pool.HikariPool - HikariPool-2 - Thread starvation or clock leap detected (housekeeper delta=16m19s52ms).
2024-03-11 13:29:51.915 [HikariPool-2 housekeeper] "  " WARN  com.zaxxer.hikari.pool.HikariPool - HikariPool-2 - Thread starvation or clock leap detected (housekeeper delta=2m8s453ms).
2024-03-11 13:38:46.473 [HikariPool-2 housekeeper] "  " WARN  com.zaxxer.hikari.pool.HikariPool - HikariPool-2 - Thread starvation or clock leap detected (housekeeper delta=54s462ms).
2024-03-11 13:40:11.429 [HikariPool-2 housekeeper] "  " WARN  com.zaxxer.hikari.pool.HikariPool - HikariPool-2 - Thread starvation or clock leap detected (housekeeper delta=54s944ms).
2024-03-11 13:41:05.889 [HikariPool-2 housekeeper] "  " WARN  com.zaxxer.hikari.pool.HikariPool - HikariPool-2 - Thread starvation or clock leap detected (housekeeper delta=54s459ms).
2024-03-11 13:58:21.746 [HikariPool-2 housekeeper] "  " WARN  com.zaxxer.hikari.pool.HikariPool - HikariPool-2 - Thread starvation or clock leap detected (housekeeper delta=16m45s846ms).
2024-03-11 14:02:46.702 [HikariPool-2 housekeeper] "  " WARN  com.zaxxer.hikari.pool.HikariPool - HikariPool-2 - Thread starvation or clock leap detected (housekeeper delta=54s906ms).
2024-03-11 14:14:18.493 [HikariPool-2 housekeeper] "  " WARN  com.zaxxer.hikari.pool.HikariPool - HikariPool-2 - Thread starvation or clock leap detected (housekeeper delta=10m1s766ms).
2024-03-11 14:33:54.961 [HikariPool-2 housekeeper] "  " WARN  com.zaxxer.hikari.pool.HikariPool - HikariPool-2 - Thread starvation or clock leap detected (housekeeper delta=16m6s428ms).
2024-03-11 14:51:18.843 [HikariPool-2 housekeeper] "  " WARN  com.zaxxer.hikari.pool.HikariPool - HikariPool-2 - Thread starvation or clock leap detected (housekeeper delta=15m53s853ms).
2024-03-11 15:09:52.184 [HikariPool-2 housekeeper] "  " WARN  com.zaxxer.hikari.pool.HikariPool - HikariPool-2 - Thread starvation or clock leap detected (housekeeper delta=15m3s285ms).
2024-03-11 15:27:33.963 [HikariPool-2 housekeeper] "  " WARN  com.zaxxer.hikari.pool.HikariPool - HikariPool-2 - Thread starvation or clock leap detected (housekeeper delta=15m41s750ms).
2024-03-11 15:34:34.295 [HikariPool-2 housekeeper] "  " WARN  com.zaxxer.hikari.pool.HikariPool - HikariPool-2 - Thread starvation or clock leap detected (housekeeper delta=3m30s272ms).
2024-03-11 15:42:32.418 [HikariPool-2 housekeeper] "  " WARN  com.zaxxer.hikari.pool.HikariPool - HikariPool-2 - Thread starvation or clock leap detected (housekeeper delta=5m58s95ms).
2024-03-11 16:02:48.314 [HikariPool-2 housekeeper] "  " WARN  com.zaxxer.hikari.pool.HikariPool - HikariPool-2 - Thread starvation or clock leap detected (housekeeper delta=16m45s841ms).
2024-03-11 16:20:33.165 [HikariPool-2 housekeeper] "  " WARN  com.zaxxer.hikari.pool.HikariPool - HikariPool-2 - Thread starvation or clock leap detected (housekeeper delta=15m44s816ms).
2024-03-11 16:40:36.403 [HikariPool-2 housekeeper] "  " WARN  com.zaxxer.hikari.pool.HikariPool - HikariPool-2 - Thread starvation or clock leap detected (housekeeper delta=16m33s188ms).
2024-03-11 16:43:48.797 [HikariPool-2 housekeeper] "  " WARN  com.zaxxer.hikari.pool.HikariPool - HikariPool-2 - Thread starvation or clock leap detected (housekeeper delta=1m42s377ms).
2024-03-11 17:04:27.304 [HikariPool-2 housekeeper] "  " WARN  com.zaxxer.hikari.pool.HikariPool - HikariPool-2 - Thread starvation or clock leap detected (housekeeper delta=17m8s454ms).
2024-03-11 17:22:30.418 [HikariPool-2 housekeeper] "  " WARN  com.zaxxer.hikari.pool.HikariPool - HikariPool-2 - Thread starvation or clock leap detected (housekeeper delta=16m3s82ms).
2024-03-11 17:42:25.769 [HikariPool-2 housekeeper] "  " WARN  com.zaxxer.hikari.pool.HikariPool - HikariPool-2 - Thread starvation or clock leap detected (housekeeper delta=16m25s302ms).
2024-03-11 18:01:13.127 [HikariPool-2 housekeeper] "  " WARN  com.zaxxer.hikari.pool.HikariPool - HikariPool-2 - Thread starvation or clock leap detected (housekeeper delta=16m47s337ms).
2024-03-11 18:13:47.118 [HikariPool-2 housekeeper] "  " WARN  com.zaxxer.hikari.pool.HikariPool - HikariPool-2 - Thread starvation or clock leap detected (housekeeper delta=10m3s932ms).
2024-03-11 18:33:04.132 [HikariPool-2 housekeeper] "  " WARN  com.zaxxer.hikari.pool.HikariPool - HikariPool-2 - Thread starvation or clock leap detected (housekeeper delta=16m16s960ms).
2024-03-11 18:43:44.060 [HikariPool-2 housekeeper] "  " WARN  com.zaxxer.hikari.pool.HikariPool - HikariPool-2 - Thread starvation or clock leap detected (housekeeper delta=8m9s880ms).
2024-03-11 19:02:48.287 [HikariPool-2 housekeeper] "  " WARN  com.zaxxer.hikari.pool.HikariPool - HikariPool-2 - Thread starvation or clock leap detected (housekeeper delta=15m34s167ms).
2024-03-11 19:21:29.547 [HikariPool-2 housekeeper] "  " WARN  com.zaxxer.hikari.pool.HikariPool - HikariPool-2 - Thread starvation or clock leap detected (housekeeper delta=16m11s222ms).
2024-03-11 19:39:36.557 [HikariPool-2 housekeeper] "  " WARN  com.zaxxer.hikari.pool.HikariPool - HikariPool-2 - Thread starvation or clock leap detected (housekeeper delta=15m36s959ms).
2024-03-11 19:44:45.909 [HikariPool-2 housekeeper] "  " WARN  com.zaxxer.hikari.pool.HikariPool - HikariPool-2 - Thread starvation or clock leap detected (housekeeper delta=2m9s343ms).
2024-03-11 20:02:13.958 [HikariPool-2 housekeeper] "  " WARN  com.zaxxer.hikari.pool.HikariPool - HikariPool-2 - Thread starvation or clock leap detected (housekeeper delta=15m58s22ms).
2024-03-11 20:20:00.352 [HikariPool-2 housekeeper] "  " WARN  com.zaxxer.hikari.pool.HikariPool - HikariPool-2 - Thread starvation or clock leap detected (housekeeper delta=17m16s354ms).
2024-03-11 20:38:12.620 [HikariPool-2 housekeeper] "  " WARN  com.zaxxer.hikari.pool.HikariPool - HikariPool-2 - Thread starvation or clock leap detected (housekeeper delta=17m42s245ms).
2024-03-11 20:45:23.750 [HikariPool-2 housekeeper] "  " WARN  com.zaxxer.hikari.pool.HikariPool - HikariPool-2 - Thread starvation or clock leap detected (housekeeper delta=7m11s131ms).
2024-03-11 20:55:47.465 [HikariPool-2 housekeeper] "  " WARN  com.zaxxer.hikari.pool.HikariPool - HikariPool-2 - Thread starvation or clock leap detected (housekeeper delta=9m23s787ms).
2024-03-11 21:15:19.672 [HikariPool-2 housekeeper] "  " WARN  com.zaxxer.hikari.pool.HikariPool - HikariPool-2 - Thread starvation or clock leap detected (housekeeper delta=17m2s157ms).
2024-03-11 21:33:26.679 [HikariPool-2 housekeeper] "  " WARN  com.zaxxer.hikari.pool.HikariPool - HikariPool-2 - Thread starvation or clock leap detected (housekeeper delta=15m36s958ms).
2024-03-11 21:42:28.574 [HikariPool-2 housekeeper] "  " WARN  com.zaxxer.hikari.pool.HikariPool - HikariPool-2 - Thread starvation or clock leap detected (housekeeper delta=6m31s858ms).
2024-03-11 22:01:19.558 [HikariPool-2 housekeeper] "  " WARN  com.zaxxer.hikari.pool.HikariPool - HikariPool-2 - Thread starvation or clock leap detected (housekeeper delta=15m50s936ms).
2024-03-11 22:19:27.806 [HikariPool-2 housekeeper] "  " WARN  com.zaxxer.hikari.pool.HikariPool - HikariPool-2 - Thread starvation or clock leap detected (housekeeper delta=15m38s200ms).
2024-03-11 22:42:56.675 [HikariPool-2 housekeeper] "  " WARN  com.zaxxer.hikari.pool.HikariPool - HikariPool-2 - Thread starvation or clock leap detected (housekeeper delta=17m58s660ms).
2024-03-11 22:46:40.709 [HikariPool-2 housekeeper] "  " WARN  com.zaxxer.hikari.pool.HikariPool - HikariPool-2 - Thread starvation or clock leap detected (housekeeper delta=1m43s988ms).
2024-03-11 23:03:29.708 [HikariPool-2 housekeeper] "  " WARN  com.zaxxer.hikari.pool.HikariPool - HikariPool-2 - Thread starvation or clock leap detected (housekeeper delta=16m48s999ms).
2024-03-11 23:13:21.018 [HikariPool-2 housekeeper] "  " WARN  com.zaxxer.hikari.pool.HikariPool - HikariPool-2 - Thread starvation or clock leap detected (housekeeper delta=9m21s223ms).
2024-03-11 23:16:58.703 [HikariPool-2 housekeeper] "  " WARN  com.zaxxer.hikari.pool.HikariPool - HikariPool-2 - Thread starvation or clock leap detected (housekeeper delta=2m37s687ms).
2024-03-11 23:33:23.248 [HikariPool-2 housekeeper] "  " WARN  com.zaxxer.hikari.pool.HikariPool - HikariPool-2 - Thread starvation or clock leap detected (housekeeper delta=16m24s546ms).
2024-03-11 23:43:26.733 [HikariPool-2 housekeeper] "  " WARN  com.zaxxer.hikari.pool.HikariPool - HikariPool-2 - Thread starvation or clock leap detected (housekeeper delta=3m3s342ms).
2024-03-11 23:52:13.655 [http-nio-80-exec-2] "GET /recruit/resume/null HTTP/1.1" WARN  o.s.w.s.m.m.a.ExceptionHandlerExceptionResolver - Resolved [org.springframework.web.method.annotation.MethodArgumentTypeMismatchException: Failed to convert value of type 'java.lang.String' to required type 'java.lang.Integer'; nested exception is java.lang.NumberFormatException: For input string: "null"]
2024-03-11 23:52:16.815 [http-nio-80-exec-4] "GET /recruit/resume/null HTTP/1.1" WARN  o.s.w.s.m.m.a.ExceptionHandlerExceptionResolver - Resolved [org.springframework.web.method.annotation.MethodArgumentTypeMismatchException: Failed to convert value of type 'java.lang.String' to required type 'java.lang.Integer'; nested exception is java.lang.NumberFormatException: For input string: "null"]
2024-03-11 23:52:27.502 [http-nio-80-exec-8] "GET /recruit/resume/null HTTP/1.1" WARN  o.s.w.s.m.m.a.ExceptionHandlerExceptionResolver - Resolved [org.springframework.web.method.annotation.MethodArgumentTypeMismatchException: Failed to convert value of type 'java.lang.String' to required type 'java.lang.Integer'; nested exception is java.lang.NumberFormatException: For input string: "null"]
2024-03-11 23:52:31.723 [http-nio-80-exec-10] "GET /recruit/resume/null HTTP/1.1" WARN  o.s.w.s.m.m.a.ExceptionHandlerExceptionResolver - Resolved [org.springframework.web.method.annotation.MethodArgumentTypeMismatchException: Failed to convert value of type 'java.lang.String' to required type 'java.lang.Integer'; nested exception is java.lang.NumberFormatException: For input string: "null"]
2024-03-11 23:54:03.461 [http-nio-80-exec-6] "GET /recruit/resume/null HTTP/1.1" WARN  o.s.w.s.m.m.a.ExceptionHandlerExceptionResolver - Resolved [org.springframework.web.method.annotation.MethodArgumentTypeMismatchException: Failed to convert value of type 'java.lang.String' to required type 'java.lang.Integer'; nested exception is java.lang.NumberFormatException: For input string: "null"]
