2024-03-13 00:07:08.841 [http-nio-80-exec-10] "GET /0786346eac6d546c29ca.hot-update.json HTTP/1.1" WARN  org.springframework.web.servlet.PageNotFound - No mapping for GET /0786346eac6d546c29ca.hot-update.json
2024-03-13 00:07:08.898 [http-nio-80-exec-10] "GET /0786346eac6d546c29ca.hot-update.json HTTP/1.1" WARN  o.s.w.s.m.m.a.ExceptionHandlerExceptionResolver - Resolved [org.springframework.web.servlet.NoHandlerFoundException: No handler found for GET /0786346eac6d546c29ca.hot-update.json]
2024-03-13 00:07:37.583 [http-nio-80-exec-1] "GET /0786346eac6d546c29ca.hot-update.json HTTP/1.1" WARN  org.springframework.web.servlet.PageNotFound - No mapping for GET /0786346eac6d546c29ca.hot-update.json
2024-03-13 00:07:37.602 [http-nio-80-exec-1] "GET /0786346eac6d546c29ca.hot-update.json HTTP/1.1" WARN  o.s.w.s.m.m.a.ExceptionHandlerExceptionResolver - Resolved [org.springframework.web.servlet.NoHandlerFoundException: No handler found for GET /0786346eac6d546c29ca.hot-update.json]
2024-03-13 00:09:18.757 [http-nio-80-exec-4] "GET /0786346eac6d546c29ca.hot-update.json HTTP/1.1" WARN  org.springframework.web.servlet.PageNotFound - No mapping for GET /0786346eac6d546c29ca.hot-update.json
2024-03-13 00:09:18.770 [http-nio-80-exec-4] "GET /0786346eac6d546c29ca.hot-update.json HTTP/1.1" WARN  o.s.w.s.m.m.a.ExceptionHandlerExceptionResolver - Resolved [org.springframework.web.servlet.NoHandlerFoundException: No handler found for GET /0786346eac6d546c29ca.hot-update.json]
2024-03-13 00:10:29.568 [http-nio-80-exec-6] "GET /0786346eac6d546c29ca.hot-update.json HTTP/1.1" WARN  org.springframework.web.servlet.PageNotFound - No mapping for GET /0786346eac6d546c29ca.hot-update.json
2024-03-13 00:10:29.626 [http-nio-80-exec-6] "GET /0786346eac6d546c29ca.hot-update.json HTTP/1.1" WARN  o.s.w.s.m.m.a.ExceptionHandlerExceptionResolver - Resolved [org.springframework.web.servlet.NoHandlerFoundException: No handler found for GET /0786346eac6d546c29ca.hot-update.json]
2024-03-13 00:10:49.844 [http-nio-80-exec-3] "GET /0786346eac6d546c29ca.hot-update.json HTTP/1.1" WARN  org.springframework.web.servlet.PageNotFound - No mapping for GET /0786346eac6d546c29ca.hot-update.json
2024-03-13 00:10:49.876 [http-nio-80-exec-3] "GET /0786346eac6d546c29ca.hot-update.json HTTP/1.1" WARN  o.s.w.s.m.m.a.ExceptionHandlerExceptionResolver - Resolved [org.springframework.web.servlet.NoHandlerFoundException: No handler found for GET /0786346eac6d546c29ca.hot-update.json]
2024-03-13 00:11:20.635 [http-nio-80-exec-9] "GET /0786346eac6d546c29ca.hot-update.json HTTP/1.1" WARN  org.springframework.web.servlet.PageNotFound - No mapping for GET /0786346eac6d546c29ca.hot-update.json
2024-03-13 00:11:20.649 [http-nio-80-exec-9] "GET /0786346eac6d546c29ca.hot-update.json HTTP/1.1" WARN  o.s.w.s.m.m.a.ExceptionHandlerExceptionResolver - Resolved [org.springframework.web.servlet.NoHandlerFoundException: No handler found for GET /0786346eac6d546c29ca.hot-update.json]
2024-03-13 00:14:15.979 [http-nio-80-exec-7] "GET /0786346eac6d546c29ca.hot-update.json HTTP/1.1" WARN  org.springframework.web.servlet.PageNotFound - No mapping for GET /0786346eac6d546c29ca.hot-update.json
2024-03-13 00:14:15.997 [http-nio-80-exec-7] "GET /0786346eac6d546c29ca.hot-update.json HTTP/1.1" WARN  o.s.w.s.m.m.a.ExceptionHandlerExceptionResolver - Resolved [org.springframework.web.servlet.NoHandlerFoundException: No handler found for GET /0786346eac6d546c29ca.hot-update.json]
2024-03-13 00:15:57.110 [http-nio-80-exec-5] "GET /0786346eac6d546c29ca.hot-update.json HTTP/1.1" WARN  org.springframework.web.servlet.PageNotFound - No mapping for GET /0786346eac6d546c29ca.hot-update.json
2024-03-13 00:15:57.214 [http-nio-80-exec-5] "GET /0786346eac6d546c29ca.hot-update.json HTTP/1.1" WARN  o.s.w.s.m.m.a.ExceptionHandlerExceptionResolver - Resolved [org.springframework.web.servlet.NoHandlerFoundException: No handler found for GET /0786346eac6d546c29ca.hot-update.json]
2024-03-13 00:16:18.730 [http-nio-80-exec-1] "GET /0786346eac6d546c29ca.hot-update.json HTTP/1.1" WARN  org.springframework.web.servlet.PageNotFound - No mapping for GET /0786346eac6d546c29ca.hot-update.json
2024-03-13 00:16:18.752 [http-nio-80-exec-1] "GET /0786346eac6d546c29ca.hot-update.json HTTP/1.1" WARN  o.s.w.s.m.m.a.ExceptionHandlerExceptionResolver - Resolved [org.springframework.web.servlet.NoHandlerFoundException: No handler found for GET /0786346eac6d546c29ca.hot-update.json]
2024-03-13 00:17:37.774 [http-nio-80-exec-8] "GET /0786346eac6d546c29ca.hot-update.json HTTP/1.1" WARN  org.springframework.web.servlet.PageNotFound - No mapping for GET /0786346eac6d546c29ca.hot-update.json
2024-03-13 00:17:37.803 [http-nio-80-exec-8] "GET /0786346eac6d546c29ca.hot-update.json HTTP/1.1" WARN  o.s.w.s.m.m.a.ExceptionHandlerExceptionResolver - Resolved [org.springframework.web.servlet.NoHandlerFoundException: No handler found for GET /0786346eac6d546c29ca.hot-update.json]
2024-03-13 00:19:02.576 [http-nio-80-exec-4] "GET /0786346eac6d546c29ca.hot-update.json HTTP/1.1" WARN  org.springframework.web.servlet.PageNotFound - No mapping for GET /0786346eac6d546c29ca.hot-update.json
2024-03-13 00:19:02.589 [http-nio-80-exec-4] "GET /0786346eac6d546c29ca.hot-update.json HTTP/1.1" WARN  o.s.w.s.m.m.a.ExceptionHandlerExceptionResolver - Resolved [org.springframework.web.servlet.NoHandlerFoundException: No handler found for GET /0786346eac6d546c29ca.hot-update.json]
2024-03-13 01:01:23.970 [http-nio-80-exec-6] "GET /0786346eac6d546c29ca.hot-update.json HTTP/1.1" WARN  org.springframework.web.servlet.PageNotFound - No mapping for GET /0786346eac6d546c29ca.hot-update.json
2024-03-13 01:01:24.007 [http-nio-80-exec-6] "GET /0786346eac6d546c29ca.hot-update.json HTTP/1.1" WARN  o.s.w.s.m.m.a.ExceptionHandlerExceptionResolver - Resolved [org.springframework.web.servlet.NoHandlerFoundException: No handler found for GET /0786346eac6d546c29ca.hot-update.json]
2024-03-13 01:05:58.384 [http-nio-80-exec-10] "GET /0786346eac6d546c29ca.hot-update.json HTTP/1.1" WARN  org.springframework.web.servlet.PageNotFound - No mapping for GET /0786346eac6d546c29ca.hot-update.json
2024-03-13 01:05:58.395 [http-nio-80-exec-10] "GET /0786346eac6d546c29ca.hot-update.json HTTP/1.1" WARN  o.s.w.s.m.m.a.ExceptionHandlerExceptionResolver - Resolved [org.springframework.web.servlet.NoHandlerFoundException: No handler found for GET /0786346eac6d546c29ca.hot-update.json]
2024-03-13 01:07:06.087 [http-nio-80-exec-5] "GET /0786346eac6d546c29ca.hot-update.json HTTP/1.1" WARN  org.springframework.web.servlet.PageNotFound - No mapping for GET /0786346eac6d546c29ca.hot-update.json
2024-03-13 01:07:06.104 [http-nio-80-exec-5] "GET /0786346eac6d546c29ca.hot-update.json HTTP/1.1" WARN  o.s.w.s.m.m.a.ExceptionHandlerExceptionResolver - Resolved [org.springframework.web.servlet.NoHandlerFoundException: No handler found for GET /0786346eac6d546c29ca.hot-update.json]
2024-03-13 01:07:50.922 [http-nio-80-exec-1] "GET /0786346eac6d546c29ca.hot-update.json HTTP/1.1" WARN  org.springframework.web.servlet.PageNotFound - No mapping for GET /0786346eac6d546c29ca.hot-update.json
2024-03-13 01:07:50.932 [http-nio-80-exec-1] "GET /0786346eac6d546c29ca.hot-update.json HTTP/1.1" WARN  o.s.w.s.m.m.a.ExceptionHandlerExceptionResolver - Resolved [org.springframework.web.servlet.NoHandlerFoundException: No handler found for GET /0786346eac6d546c29ca.hot-update.json]
2024-03-13 01:08:32.317 [http-nio-80-exec-8] "GET /0786346eac6d546c29ca.hot-update.json HTTP/1.1" WARN  org.springframework.web.servlet.PageNotFound - No mapping for GET /0786346eac6d546c29ca.hot-update.json
2024-03-13 01:08:32.325 [http-nio-80-exec-8] "GET /0786346eac6d546c29ca.hot-update.json HTTP/1.1" WARN  o.s.w.s.m.m.a.ExceptionHandlerExceptionResolver - Resolved [org.springframework.web.servlet.NoHandlerFoundException: No handler found for GET /0786346eac6d546c29ca.hot-update.json]
2024-03-13 01:08:47.803 [http-nio-80-exec-4] "GET /0786346eac6d546c29ca.hot-update.json HTTP/1.1" WARN  org.springframework.web.servlet.PageNotFound - No mapping for GET /0786346eac6d546c29ca.hot-update.json
2024-03-13 01:08:47.809 [http-nio-80-exec-4] "GET /0786346eac6d546c29ca.hot-update.json HTTP/1.1" WARN  o.s.w.s.m.m.a.ExceptionHandlerExceptionResolver - Resolved [org.springframework.web.servlet.NoHandlerFoundException: No handler found for GET /0786346eac6d546c29ca.hot-update.json]
2024-03-13 01:09:28.880 [http-nio-80-exec-4] "GET /0786346eac6d546c29ca.hot-update.json HTTP/1.1" WARN  org.springframework.web.servlet.PageNotFound - No mapping for GET /0786346eac6d546c29ca.hot-update.json
2024-03-13 01:09:28.888 [http-nio-80-exec-4] "GET /0786346eac6d546c29ca.hot-update.json HTTP/1.1" WARN  o.s.w.s.m.m.a.ExceptionHandlerExceptionResolver - Resolved [org.springframework.web.servlet.NoHandlerFoundException: No handler found for GET /0786346eac6d546c29ca.hot-update.json]
2024-03-13 01:34:16.246 [http-nio-80-exec-9] "GET /0786346eac6d546c29ca.hot-update.json HTTP/1.1" WARN  org.springframework.web.servlet.PageNotFound - No mapping for GET /0786346eac6d546c29ca.hot-update.json
2024-03-13 01:34:16.249 [http-nio-80-exec-9] "GET /0786346eac6d546c29ca.hot-update.json HTTP/1.1" WARN  o.s.w.s.m.m.a.ExceptionHandlerExceptionResolver - Resolved [org.springframework.web.servlet.NoHandlerFoundException: No handler found for GET /0786346eac6d546c29ca.hot-update.json]
2024-03-13 01:34:17.873 [http-nio-80-exec-6] "GET /0786346eac6d546c29ca.hot-update.json HTTP/1.1" WARN  org.springframework.web.servlet.PageNotFound - No mapping for GET /0786346eac6d546c29ca.hot-update.json
2024-03-13 01:34:17.875 [http-nio-80-exec-6] "GET /0786346eac6d546c29ca.hot-update.json HTTP/1.1" WARN  o.s.w.s.m.m.a.ExceptionHandlerExceptionResolver - Resolved [org.springframework.web.servlet.NoHandlerFoundException: No handler found for GET /0786346eac6d546c29ca.hot-update.json]
2024-03-13 01:45:59.786 [http-nio-80-exec-3] "GET /favicon.ico HTTP/1.1" WARN  org.springframework.web.servlet.PageNotFound - No mapping for GET /favicon.ico
2024-03-13 01:45:59.788 [http-nio-80-exec-3] "GET /favicon.ico HTTP/1.1" WARN  o.s.w.s.m.m.a.ExceptionHandlerExceptionResolver - Resolved [org.springframework.web.servlet.NoHandlerFoundException: No handler found for GET /favicon.ico]
2024-03-13 01:48:52.863 [restartedMain] "  " WARN  c.b.mybatisplus.core.injector.AbstractMethod - [com.recruit.mapper.NotifyMapper.update] Has been loaded by XML or SqlProvider or Mybatis's Annotation, so ignoring this injection for [class com.baomidou.mybatisplus.core.injector.methods.Update]
2024-03-13 01:52:09.930 [http-nio-80-exec-1] "GET /apple-touch-icon-precomposed.png HTTP/1.1" WARN  org.springframework.web.servlet.PageNotFound - No mapping for GET /apple-touch-icon-precomposed.png
2024-03-13 01:52:09.933 [http-nio-80-exec-3] "GET /apple-touch-icon.png HTTP/1.1" WARN  org.springframework.web.servlet.PageNotFound - No mapping for GET /apple-touch-icon.png
2024-03-13 01:52:09.950 [http-nio-80-exec-1] "GET /apple-touch-icon-precomposed.png HTTP/1.1" WARN  o.s.w.s.m.m.a.ExceptionHandlerExceptionResolver - Resolved [org.springframework.web.servlet.NoHandlerFoundException: No handler found for GET /apple-touch-icon-precomposed.png]
2024-03-13 01:52:09.951 [http-nio-80-exec-3] "GET /apple-touch-icon.png HTTP/1.1" WARN  o.s.w.s.m.m.a.ExceptionHandlerExceptionResolver - Resolved [org.springframework.web.servlet.NoHandlerFoundException: No handler found for GET /apple-touch-icon.png]
2024-03-13 01:53:15.312 [http-nio-80-exec-8] "GET /apple-touch-icon.png HTTP/1.1" WARN  org.springframework.web.servlet.PageNotFound - No mapping for GET /apple-touch-icon.png
2024-03-13 01:53:15.315 [http-nio-80-exec-9] "GET /apple-touch-icon-precomposed.png HTTP/1.1" WARN  org.springframework.web.servlet.PageNotFound - No mapping for GET /apple-touch-icon-precomposed.png
2024-03-13 01:53:15.323 [http-nio-80-exec-9] "GET /apple-touch-icon-precomposed.png HTTP/1.1" WARN  o.s.w.s.m.m.a.ExceptionHandlerExceptionResolver - Resolved [org.springframework.web.servlet.NoHandlerFoundException: No handler found for GET /apple-touch-icon-precomposed.png]
2024-03-13 01:53:15.323 [http-nio-80-exec-8] "GET /apple-touch-icon.png HTTP/1.1" WARN  o.s.w.s.m.m.a.ExceptionHandlerExceptionResolver - Resolved [org.springframework.web.servlet.NoHandlerFoundException: No handler found for GET /apple-touch-icon.png]
2024-03-13 02:03:45.251 [HikariPool-1 housekeeper] "  " WARN  com.zaxxer.hikari.pool.HikariPool - HikariPool-1 - Thread starvation or clock leap detected (housekeeper delta=47s613ms).
2024-03-13 02:21:48.975 [HikariPool-1 housekeeper] "  " WARN  com.zaxxer.hikari.pool.HikariPool - HikariPool-1 - Thread starvation or clock leap detected (housekeeper delta=17m33s712ms).
2024-03-13 02:33:06.188 [HikariPool-1 housekeeper] "  " WARN  com.zaxxer.hikari.pool.HikariPool - HikariPool-1 - Thread starvation or clock leap detected (housekeeper delta=8m17s184ms).
2024-03-13 02:51:33.862 [HikariPool-1 housekeeper] "  " WARN  com.zaxxer.hikari.pool.HikariPool - HikariPool-1 - Thread starvation or clock leap detected (housekeeper delta=15m27s608ms).
2024-03-13 03:03:23.064 [HikariPool-1 housekeeper] "  " WARN  com.zaxxer.hikari.pool.HikariPool - HikariPool-1 - Thread starvation or clock leap detected (housekeeper delta=9m49s156ms).
2024-03-13 03:22:35.913 [HikariPool-1 housekeeper] "  " WARN  com.zaxxer.hikari.pool.HikariPool - HikariPool-1 - Thread starvation or clock leap detected (housekeeper delta=16m42s803ms).
2024-03-13 03:34:36.998 [HikariPool-1 housekeeper] "  " WARN  com.zaxxer.hikari.pool.HikariPool - HikariPool-1 - Thread starvation or clock leap detected (housekeeper delta=9m1s42ms).
2024-03-13 03:53:49.630 [HikariPool-1 housekeeper] "  " WARN  com.zaxxer.hikari.pool.HikariPool - HikariPool-1 - Thread starvation or clock leap detected (housekeeper delta=16m12s583ms).
2024-03-13 04:03:22.339 [HikariPool-1 housekeeper] "  " WARN  com.zaxxer.hikari.pool.HikariPool - HikariPool-1 - Thread starvation or clock leap detected (housekeeper delta=6m32s618ms).
2024-03-13 04:21:33.180 [HikariPool-1 housekeeper] "  " WARN  com.zaxxer.hikari.pool.HikariPool - HikariPool-1 - Thread starvation or clock leap detected (housekeeper delta=15m40s808ms).
2024-03-13 04:32:08.196 [HikariPool-1 housekeeper] "  " WARN  com.zaxxer.hikari.pool.HikariPool - HikariPool-1 - Thread starvation or clock leap detected (housekeeper delta=8m34s963ms).
2024-03-13 04:50:59.194 [HikariPool-1 housekeeper] "  " WARN  com.zaxxer.hikari.pool.HikariPool - HikariPool-1 - Thread starvation or clock leap detected (housekeeper delta=16m20s946ms).
2024-03-13 05:09:15.085 [HikariPool-1 housekeeper] "  " WARN  com.zaxxer.hikari.pool.HikariPool - HikariPool-1 - Thread starvation or clock leap detected (housekeeper delta=16m15s883ms).
2024-03-13 05:28:40.404 [HikariPool-1 housekeeper] "  " WARN  com.zaxxer.hikari.pool.HikariPool - HikariPool-1 - Thread starvation or clock leap detected (housekeeper delta=15m55s272ms).
2024-03-13 05:32:13.529 [HikariPool-1 housekeeper] "  " WARN  com.zaxxer.hikari.pool.HikariPool - HikariPool-1 - Thread starvation or clock leap detected (housekeeper delta=1m33s105ms).
2024-03-13 05:53:03.718 [HikariPool-1 housekeeper] "  " WARN  com.zaxxer.hikari.pool.HikariPool - HikariPool-1 - Thread starvation or clock leap detected (housekeeper delta=17m20s120ms).
2024-03-13 06:10:48.656 [HikariPool-1 housekeeper] "  " WARN  com.zaxxer.hikari.pool.HikariPool - HikariPool-1 - Thread starvation or clock leap detected (housekeeper delta=16m14s917ms).
2024-03-13 06:32:31.469 [HikariPool-1 housekeeper] "  " WARN  com.zaxxer.hikari.pool.HikariPool - HikariPool-1 - Thread starvation or clock leap detected (housekeeper delta=15m42s725ms).
2024-03-13 06:54:02.894 [HikariPool-1 housekeeper] "  " WARN  com.zaxxer.hikari.pool.HikariPool - HikariPool-1 - Thread starvation or clock leap detected (housekeeper delta=18m1s363ms).
2024-03-13 07:12:18.312 [HikariPool-1 housekeeper] "  " WARN  com.zaxxer.hikari.pool.HikariPool - HikariPool-1 - Thread starvation or clock leap detected (housekeeper delta=16m15s382ms).
2024-03-13 07:32:52.284 [HikariPool-1 housekeeper] "  " WARN  com.zaxxer.hikari.pool.HikariPool - HikariPool-1 - Thread starvation or clock leap detected (housekeeper delta=17m3s914ms).
2024-03-13 07:52:19.764 [HikariPool-1 housekeeper] "  " WARN  com.zaxxer.hikari.pool.HikariPool - HikariPool-1 - Thread starvation or clock leap detected (housekeeper delta=17m27s408ms).
2024-03-13 08:00:10.523 [HikariPool-1 housekeeper] "  " WARN  com.zaxxer.hikari.pool.HikariPool - HikariPool-1 - Thread starvation or clock leap detected (housekeeper delta=4m20s686ms).
2024-03-13 08:18:37.391 [HikariPool-1 housekeeper] "  " WARN  com.zaxxer.hikari.pool.HikariPool - HikariPool-1 - Thread starvation or clock leap detected (housekeeper delta=16m26s833ms).
2024-03-13 08:38:23.020 [HikariPool-1 housekeeper] "  " WARN  com.zaxxer.hikari.pool.HikariPool - HikariPool-1 - Thread starvation or clock leap detected (housekeeper delta=15m45s547ms).
2024-03-13 08:56:14.481 [HikariPool-1 housekeeper] "  " WARN  com.zaxxer.hikari.pool.HikariPool - HikariPool-1 - Thread starvation or clock leap detected (housekeeper delta=16m21s427ms).
2024-03-13 09:16:16.386 [HikariPool-1 housekeeper] "  " WARN  com.zaxxer.hikari.pool.HikariPool - HikariPool-1 - Thread starvation or clock leap detected (housekeeper delta=16m1s839ms).
2024-03-13 09:33:37.749 [HikariPool-1 housekeeper] "  " WARN  com.zaxxer.hikari.pool.HikariPool - HikariPool-1 - Thread starvation or clock leap detected (housekeeper delta=15m51s332ms).
2024-03-13 09:44:35.965 [HikariPool-1 housekeeper] "  " WARN  com.zaxxer.hikari.pool.HikariPool - HikariPool-1 - Thread starvation or clock leap detected (housekeeper delta=7m28s174ms).
2024-03-13 09:50:58.179 [HikariPool-1 housekeeper] "  " WARN  com.zaxxer.hikari.pool.HikariPool - HikariPool-1 - Thread starvation or clock leap detected (housekeeper delta=4m22s96ms).
2024-03-13 09:56:43.417 [HikariPool-1 housekeeper] "  " WARN  com.zaxxer.hikari.pool.HikariPool - HikariPool-1 - Thread starvation or clock leap detected (housekeeper delta=2m15s184ms).
2024-03-13 10:00:57.735 [HikariPool-1 housekeeper] "  " WARN  com.zaxxer.hikari.pool.HikariPool - HikariPool-1 - Thread starvation or clock leap detected (housekeeper delta=2m14s281ms).
2024-03-13 10:15:38.344 [HikariPool-1 housekeeper] "  " WARN  com.zaxxer.hikari.pool.HikariPool - HikariPool-1 - Thread starvation or clock leap detected (housekeeper delta=9m10s521ms).
2024-03-13 10:33:23.434 [HikariPool-1 housekeeper] "  " WARN  com.zaxxer.hikari.pool.HikariPool - HikariPool-1 - Thread starvation or clock leap detected (housekeeper delta=17m15s65ms).
2024-03-13 10:52:12.999 [HikariPool-1 housekeeper] "  " WARN  com.zaxxer.hikari.pool.HikariPool - HikariPool-1 - Thread starvation or clock leap detected (housekeeper delta=16m49s532ms).
2024-03-13 11:04:01.287 [HikariPool-1 housekeeper] "  " WARN  com.zaxxer.hikari.pool.HikariPool - HikariPool-1 - Thread starvation or clock leap detected (housekeeper delta=6m48s194ms).
2024-03-13 11:22:49.112 [HikariPool-1 housekeeper] "  " WARN  com.zaxxer.hikari.pool.HikariPool - HikariPool-1 - Thread starvation or clock leap detected (housekeeper delta=15m17s768ms).
2024-03-13 11:30:40.994 [HikariPool-1 housekeeper] "  " WARN  com.zaxxer.hikari.pool.HikariPool - HikariPool-1 - Thread starvation or clock leap detected (housekeeper delta=5m51s847ms).
2024-03-13 12:59:26.991 [HikariPool-1 housekeeper] "  " WARN  com.zaxxer.hikari.pool.HikariPool - HikariPool-1 - Thread starvation or clock leap detected (housekeeper delta=1m45s299ms).
2024-03-13 13:16:25.259 [HikariPool-1 housekeeper] "  " WARN  com.zaxxer.hikari.pool.HikariPool - HikariPool-1 - Thread starvation or clock leap detected (housekeeper delta=16m28s255ms).
2024-03-13 13:38:23.920 [HikariPool-1 housekeeper] "  " WARN  com.zaxxer.hikari.pool.HikariPool - HikariPool-1 - Thread starvation or clock leap detected (housekeeper delta=16m58s564ms).
2024-03-13 13:57:47.885 [HikariPool-1 housekeeper] "  " WARN  com.zaxxer.hikari.pool.HikariPool - HikariPool-1 - Thread starvation or clock leap detected (housekeeper delta=15m53s915ms).
2024-03-13 14:04:18.984 [HikariPool-1 housekeeper] "  " WARN  com.zaxxer.hikari.pool.HikariPool - HikariPool-1 - Thread starvation or clock leap detected (housekeeper delta=4m31s46ms).
2024-03-13 14:16:46.952 [HikariPool-1 housekeeper] "  " WARN  com.zaxxer.hikari.pool.HikariPool - HikariPool-1 - Thread starvation or clock leap detected (housekeeper delta=57s844ms).
2024-03-13 14:34:11.870 [HikariPool-1 housekeeper] "  " WARN  com.zaxxer.hikari.pool.HikariPool - HikariPool-1 - Thread starvation or clock leap detected (housekeeper delta=17m24s919ms).
2024-03-13 14:54:05.002 [HikariPool-1 housekeeper] "  " WARN  com.zaxxer.hikari.pool.HikariPool - HikariPool-1 - Thread starvation or clock leap detected (housekeeper delta=16m23s57ms).
2024-03-13 15:12:42.513 [HikariPool-1 housekeeper] "  " WARN  com.zaxxer.hikari.pool.HikariPool - HikariPool-1 - Thread starvation or clock leap detected (housekeeper delta=15m37s463ms).
2024-03-13 15:20:12.339 [HikariPool-1 housekeeper] "  " WARN  com.zaxxer.hikari.pool.HikariPool - HikariPool-1 - Thread starvation or clock leap detected (housekeeper delta=2m29s751ms).
2024-03-13 15:32:27.322 [HikariPool-1 housekeeper] "  " WARN  com.zaxxer.hikari.pool.HikariPool - HikariPool-1 - Thread starvation or clock leap detected (housekeeper delta=9m14s927ms).
2024-03-13 15:56:52.919 [HikariPool-1 housekeeper] "  " WARN  com.zaxxer.hikari.pool.HikariPool - HikariPool-1 - Thread starvation or clock leap detected (housekeeper delta=1m55s387ms).
2024-03-13 15:58:09.260 [HikariPool-1 housekeeper] "  " WARN  com.zaxxer.hikari.pool.HikariPool - HikariPool-1 - Thread starvation or clock leap detected (housekeeper delta=46s331ms).
2024-03-13 16:27:30.466 [http-nio-80-exec-8] "GET /index HTTP/1.1" WARN  org.springframework.web.servlet.PageNotFound - No mapping for GET /index
2024-03-13 16:27:30.483 [http-nio-80-exec-8] "GET /index HTTP/1.1" WARN  o.s.w.s.m.m.a.ExceptionHandlerExceptionResolver - Resolved [org.springframework.web.servlet.NoHandlerFoundException: No handler found for GET /index]
2024-03-13 16:29:07.339 [http-nio-80-exec-2] "GET /439104ec95f0716bf05e.hot-update.json HTTP/1.1" WARN  org.springframework.web.servlet.PageNotFound - No mapping for GET /439104ec95f0716bf05e.hot-update.json
2024-03-13 16:29:07.347 [http-nio-80-exec-2] "GET /439104ec95f0716bf05e.hot-update.json HTTP/1.1" WARN  o.s.w.s.m.m.a.ExceptionHandlerExceptionResolver - Resolved [org.springframework.web.servlet.NoHandlerFoundException: No handler found for GET /439104ec95f0716bf05e.hot-update.json]
2024-03-13 16:48:15.210 [restartedMain] "  " WARN  c.b.mybatisplus.core.injector.AbstractMethod - [com.recruit.mapper.NotifyMapper.update] Has been loaded by XML or SqlProvider or Mybatis's Annotation, so ignoring this injection for [class com.baomidou.mybatisplus.core.injector.methods.Update]
2024-03-13 16:48:40.622 [restartedMain] "  " WARN  c.b.mybatisplus.core.injector.AbstractMethod - [com.recruit.mapper.NotifyMapper.update] Has been loaded by XML or SqlProvider or Mybatis's Annotation, so ignoring this injection for [class com.baomidou.mybatisplus.core.injector.methods.Update]
2024-03-13 16:48:49.235 [restartedMain] "  " WARN  c.b.mybatisplus.core.injector.AbstractMethod - [com.recruit.mapper.NotifyMapper.update] Has been loaded by XML or SqlProvider or Mybatis's Annotation, so ignoring this injection for [class com.baomidou.mybatisplus.core.injector.methods.Update]
2024-03-13 16:48:59.669 [restartedMain] "  " WARN  c.b.mybatisplus.core.injector.AbstractMethod - [com.recruit.mapper.NotifyMapper.update] Has been loaded by XML or SqlProvider or Mybatis's Annotation, so ignoring this injection for [class com.baomidou.mybatisplus.core.injector.methods.Update]
2024-03-13 16:56:28.584 [restartedMain] "  " WARN  c.b.mybatisplus.core.injector.AbstractMethod - [com.recruit.mapper.NotifyMapper.update] Has been loaded by XML or SqlProvider or Mybatis's Annotation, so ignoring this injection for [class com.baomidou.mybatisplus.core.injector.methods.Update]
2024-03-13 16:56:48.647 [restartedMain] "  " WARN  c.b.mybatisplus.core.injector.AbstractMethod - [com.recruit.mapper.NotifyMapper.update] Has been loaded by XML or SqlProvider or Mybatis's Annotation, so ignoring this injection for [class com.baomidou.mybatisplus.core.injector.methods.Update]
2024-03-13 17:31:52.175 [restartedMain] "  " WARN  c.b.mybatisplus.core.injector.AbstractMethod - [com.recruit.mapper.NotifyMapper.update] Has been loaded by XML or SqlProvider or Mybatis's Annotation, so ignoring this injection for [class com.baomidou.mybatisplus.core.injector.methods.Update]
2024-03-13 17:33:48.696 [restartedMain] "  " WARN  c.b.mybatisplus.core.injector.AbstractMethod - [com.recruit.mapper.NotifyMapper.update] Has been loaded by XML or SqlProvider or Mybatis's Annotation, so ignoring this injection for [class com.baomidou.mybatisplus.core.injector.methods.Update]
2024-03-13 17:49:01.722 [restartedMain] "  " WARN  c.b.mybatisplus.core.injector.AbstractMethod - [com.recruit.mapper.NotifyMapper.update] Has been loaded by XML or SqlProvider or Mybatis's Annotation, so ignoring this injection for [class com.baomidou.mybatisplus.core.injector.methods.Update]
2024-03-13 17:50:11.742 [restartedMain] "  " WARN  c.b.mybatisplus.core.injector.AbstractMethod - [com.recruit.mapper.NotifyMapper.update] Has been loaded by XML or SqlProvider or Mybatis's Annotation, so ignoring this injection for [class com.baomidou.mybatisplus.core.injector.methods.Update]
2024-03-13 17:53:19.856 [restartedMain] "  " WARN  c.b.mybatisplus.core.injector.AbstractMethod - [com.recruit.mapper.NotifyMapper.update] Has been loaded by XML or SqlProvider or Mybatis's Annotation, so ignoring this injection for [class com.baomidou.mybatisplus.core.injector.methods.Update]
2024-03-13 18:37:46.269 [restartedMain] "  " WARN  c.b.mybatisplus.core.injector.AbstractMethod - [com.recruit.mapper.NotifyMapper.update] Has been loaded by XML or SqlProvider or Mybatis's Annotation, so ignoring this injection for [class com.baomidou.mybatisplus.core.injector.methods.Update]
2024-03-13 18:39:44.712 [restartedMain] "  " WARN  c.b.mybatisplus.core.injector.AbstractMethod - [com.recruit.mapper.NotifyMapper.update] Has been loaded by XML or SqlProvider or Mybatis's Annotation, so ignoring this injection for [class com.baomidou.mybatisplus.core.injector.methods.Update]
2024-03-13 18:47:23.354 [restartedMain] "  " WARN  c.b.mybatisplus.core.injector.AbstractMethod - [com.recruit.mapper.NotifyMapper.update] Has been loaded by XML or SqlProvider or Mybatis's Annotation, so ignoring this injection for [class com.baomidou.mybatisplus.core.injector.methods.Update]
2024-03-13 18:48:57.417 [restartedMain] "  " WARN  c.b.mybatisplus.core.injector.AbstractMethod - [com.recruit.mapper.NotifyMapper.update] Has been loaded by XML or SqlProvider or Mybatis's Annotation, so ignoring this injection for [class com.baomidou.mybatisplus.core.injector.methods.Update]
2024-03-13 18:50:58.904 [restartedMain] "  " WARN  c.b.mybatisplus.core.injector.AbstractMethod - [com.recruit.mapper.NotifyMapper.update] Has been loaded by XML or SqlProvider or Mybatis's Annotation, so ignoring this injection for [class com.baomidou.mybatisplus.core.injector.methods.Update]
2024-03-13 18:52:42.604 [restartedMain] "  " WARN  c.b.mybatisplus.core.injector.AbstractMethod - [com.recruit.mapper.NotifyMapper.update] Has been loaded by XML or SqlProvider or Mybatis's Annotation, so ignoring this injection for [class com.baomidou.mybatisplus.core.injector.methods.Update]
2024-03-13 19:05:09.012 [HikariPool-1 housekeeper] "  " WARN  com.zaxxer.hikari.pool.HikariPool - HikariPool-1 - Thread starvation or clock leap detected (housekeeper delta=2m23s952ms).
2024-03-13 19:10:20.436 [http-nio-80-exec-10] "GET /98a759868d8a27bd34ab.hot-update.json HTTP/1.1" WARN  org.springframework.web.servlet.PageNotFound - No mapping for GET /98a759868d8a27bd34ab.hot-update.json
2024-03-13 19:10:20.459 [http-nio-80-exec-10] "GET /98a759868d8a27bd34ab.hot-update.json HTTP/1.1" WARN  o.s.w.s.m.m.a.ExceptionHandlerExceptionResolver - Resolved [org.springframework.web.servlet.NoHandlerFoundException: No handler found for GET /98a759868d8a27bd34ab.hot-update.json]
2024-03-13 19:10:45.729 [http-nio-80-exec-5] "GET /1a8f0aff8c0ff9b03ca9.hot-update.json HTTP/1.1" WARN  org.springframework.web.servlet.PageNotFound - No mapping for GET /1a8f0aff8c0ff9b03ca9.hot-update.json
2024-03-13 19:10:45.737 [http-nio-80-exec-5] "GET /1a8f0aff8c0ff9b03ca9.hot-update.json HTTP/1.1" WARN  o.s.w.s.m.m.a.ExceptionHandlerExceptionResolver - Resolved [org.springframework.web.servlet.NoHandlerFoundException: No handler found for GET /1a8f0aff8c0ff9b03ca9.hot-update.json]
2024-03-13 19:16:46.999 [http-nio-80-exec-5] "GET /1a8f0aff8c0ff9b03ca9.hot-update.json HTTP/1.1" WARN  org.springframework.web.servlet.PageNotFound - No mapping for GET /1a8f0aff8c0ff9b03ca9.hot-update.json
2024-03-13 19:16:47.009 [http-nio-80-exec-5] "GET /1a8f0aff8c0ff9b03ca9.hot-update.json HTTP/1.1" WARN  o.s.w.s.m.m.a.ExceptionHandlerExceptionResolver - Resolved [org.springframework.web.servlet.NoHandlerFoundException: No handler found for GET /1a8f0aff8c0ff9b03ca9.hot-update.json]
2024-03-13 19:17:47.958 [http-nio-80-exec-7] "GET /1a8f0aff8c0ff9b03ca9.hot-update.json HTTP/1.1" WARN  org.springframework.web.servlet.PageNotFound - No mapping for GET /1a8f0aff8c0ff9b03ca9.hot-update.json
2024-03-13 19:17:47.965 [http-nio-80-exec-7] "GET /1a8f0aff8c0ff9b03ca9.hot-update.json HTTP/1.1" WARN  o.s.w.s.m.m.a.ExceptionHandlerExceptionResolver - Resolved [org.springframework.web.servlet.NoHandlerFoundException: No handler found for GET /1a8f0aff8c0ff9b03ca9.hot-update.json]
2024-03-13 19:19:13.447 [HikariPool-1 housekeeper] "  " WARN  com.zaxxer.hikari.pool.HikariPool - HikariPool-1 - Thread starvation or clock leap detected (housekeeper delta=1m4s343ms).
2024-03-13 19:26:30.392 [HikariPool-1 housekeeper] "  " WARN  com.zaxxer.hikari.pool.HikariPool - HikariPool-1 - Thread starvation or clock leap detected (housekeeper delta=6m46s937ms).
2024-03-13 19:42:03.194 [HikariPool-1 housekeeper] "  " WARN  com.zaxxer.hikari.pool.HikariPool - HikariPool-1 - Thread starvation or clock leap detected (housekeeper delta=15m32s801ms).
2024-03-13 19:53:55.415 [HikariPool-1 housekeeper] "  " WARN  com.zaxxer.hikari.pool.HikariPool - HikariPool-1 - Thread starvation or clock leap detected (housekeeper delta=9m22s158ms).
2024-03-13 20:00:21.695 [http-nio-80-exec-6] "GET /recruit/log/users HTTP/1.1" WARN  o.s.w.s.m.m.a.ExceptionHandlerExceptionResolver - Resolved [io.github.talelin.autoconfigure.exception.TokenExpiredException: Token Expired]
2024-03-13 20:15:44.300 [HikariPool-1 housekeeper] "  " WARN  com.zaxxer.hikari.pool.HikariPool - HikariPool-1 - Thread starvation or clock leap detected (housekeeper delta=2m48s565ms).
2024-03-13 20:21:11.232 [restartedMain] "  " WARN  c.b.mybatisplus.core.injector.AbstractMethod - [com.recruit.mapper.NotifyMapper.update] Has been loaded by XML or SqlProvider or Mybatis's Annotation, so ignoring this injection for [class com.baomidou.mybatisplus.core.injector.methods.Update]
2024-03-13 20:22:22.348 [restartedMain] "  " WARN  c.b.mybatisplus.core.injector.AbstractMethod - [com.recruit.mapper.NotifyMapper.update] Has been loaded by XML or SqlProvider or Mybatis's Annotation, so ignoring this injection for [class com.baomidou.mybatisplus.core.injector.methods.Update]
2024-03-13 20:22:45.522 [restartedMain] "  " WARN  c.b.mybatisplus.core.injector.AbstractMethod - [com.recruit.mapper.NotifyMapper.update] Has been loaded by XML or SqlProvider or Mybatis's Annotation, so ignoring this injection for [class com.baomidou.mybatisplus.core.injector.methods.Update]
2024-03-13 20:47:25.878 [http-nio-80-exec-8] "GET /a37abbb2d0f3a8067c02.hot-update.json HTTP/1.1" WARN  org.springframework.web.servlet.PageNotFound - No mapping for GET /a37abbb2d0f3a8067c02.hot-update.json
2024-03-13 20:47:25.889 [http-nio-80-exec-8] "GET /a37abbb2d0f3a8067c02.hot-update.json HTTP/1.1" WARN  o.s.w.s.m.m.a.ExceptionHandlerExceptionResolver - Resolved [org.springframework.web.servlet.NoHandlerFoundException: No handler found for GET /a37abbb2d0f3a8067c02.hot-update.json]
2024-03-13 20:48:33.258 [restartedMain] "  " WARN  c.b.mybatisplus.core.injector.AbstractMethod - [com.recruit.mapper.NotifyMapper.update] Has been loaded by XML or SqlProvider or Mybatis's Annotation, so ignoring this injection for [class com.baomidou.mybatisplus.core.injector.methods.Update]
2024-03-13 21:04:06.481 [http-nio-80-exec-2] "GET /1a8f0aff8c0ff9b03ca9.hot-update.json HTTP/1.1" WARN  org.springframework.web.servlet.PageNotFound - No mapping for GET /1a8f0aff8c0ff9b03ca9.hot-update.json
2024-03-13 21:04:06.518 [http-nio-80-exec-2] "GET /1a8f0aff8c0ff9b03ca9.hot-update.json HTTP/1.1" WARN  o.s.w.s.m.m.a.ExceptionHandlerExceptionResolver - Resolved [org.springframework.web.servlet.NoHandlerFoundException: No handler found for GET /1a8f0aff8c0ff9b03ca9.hot-update.json]
2024-03-13 21:09:58.643 [http-nio-80-exec-10] "GET /d0b5bdfcbb60c796750a.hot-update.json HTTP/1.1" WARN  org.springframework.web.servlet.PageNotFound - No mapping for GET /d0b5bdfcbb60c796750a.hot-update.json
2024-03-13 21:09:58.650 [http-nio-80-exec-10] "GET /d0b5bdfcbb60c796750a.hot-update.json HTTP/1.1" WARN  o.s.w.s.m.m.a.ExceptionHandlerExceptionResolver - Resolved [org.springframework.web.servlet.NoHandlerFoundException: No handler found for GET /d0b5bdfcbb60c796750a.hot-update.json]
2024-03-13 21:09:58.704 [http-nio-80-exec-3] "GET /1a8f0aff8c0ff9b03ca9.hot-update.json HTTP/1.1" WARN  org.springframework.web.servlet.PageNotFound - No mapping for GET /1a8f0aff8c0ff9b03ca9.hot-update.json
2024-03-13 21:09:58.706 [http-nio-80-exec-3] "GET /1a8f0aff8c0ff9b03ca9.hot-update.json HTTP/1.1" WARN  o.s.w.s.m.m.a.ExceptionHandlerExceptionResolver - Resolved [org.springframework.web.servlet.NoHandlerFoundException: No handler found for GET /1a8f0aff8c0ff9b03ca9.hot-update.json]
2024-03-13 21:14:52.924 [http-nio-80-exec-2] "GET /1a8f0aff8c0ff9b03ca9.hot-update.json HTTP/1.1" WARN  org.springframework.web.servlet.PageNotFound - No mapping for GET /1a8f0aff8c0ff9b03ca9.hot-update.json
2024-03-13 21:14:52.933 [http-nio-80-exec-2] "GET /1a8f0aff8c0ff9b03ca9.hot-update.json HTTP/1.1" WARN  o.s.w.s.m.m.a.ExceptionHandlerExceptionResolver - Resolved [org.springframework.web.servlet.NoHandlerFoundException: No handler found for GET /1a8f0aff8c0ff9b03ca9.hot-update.json]
2024-03-13 21:14:53.001 [http-nio-80-exec-3] "GET /d0b5bdfcbb60c796750a.hot-update.json HTTP/1.1" WARN  org.springframework.web.servlet.PageNotFound - No mapping for GET /d0b5bdfcbb60c796750a.hot-update.json
2024-03-13 21:14:53.002 [http-nio-80-exec-3] "GET /d0b5bdfcbb60c796750a.hot-update.json HTTP/1.1" WARN  o.s.w.s.m.m.a.ExceptionHandlerExceptionResolver - Resolved [org.springframework.web.servlet.NoHandlerFoundException: No handler found for GET /d0b5bdfcbb60c796750a.hot-update.json]
2024-03-13 21:15:28.054 [http-nio-80-exec-4] "GET /1a8f0aff8c0ff9b03ca9.hot-update.json HTTP/1.1" WARN  org.springframework.web.servlet.PageNotFound - No mapping for GET /1a8f0aff8c0ff9b03ca9.hot-update.json
2024-03-13 21:15:28.064 [http-nio-80-exec-4] "GET /1a8f0aff8c0ff9b03ca9.hot-update.json HTTP/1.1" WARN  o.s.w.s.m.m.a.ExceptionHandlerExceptionResolver - Resolved [org.springframework.web.servlet.NoHandlerFoundException: No handler found for GET /1a8f0aff8c0ff9b03ca9.hot-update.json]
2024-03-13 21:15:28.139 [http-nio-80-exec-7] "GET /d0b5bdfcbb60c796750a.hot-update.json HTTP/1.1" WARN  org.springframework.web.servlet.PageNotFound - No mapping for GET /d0b5bdfcbb60c796750a.hot-update.json
2024-03-13 21:15:28.141 [http-nio-80-exec-7] "GET /d0b5bdfcbb60c796750a.hot-update.json HTTP/1.1" WARN  o.s.w.s.m.m.a.ExceptionHandlerExceptionResolver - Resolved [org.springframework.web.servlet.NoHandlerFoundException: No handler found for GET /d0b5bdfcbb60c796750a.hot-update.json]
2024-03-13 21:15:34.553 [http-nio-80-exec-4] "GET /d0b5bdfcbb60c796750a.hot-update.json HTTP/1.1" WARN  org.springframework.web.servlet.PageNotFound - No mapping for GET /d0b5bdfcbb60c796750a.hot-update.json
2024-03-13 21:15:34.556 [http-nio-80-exec-4] "GET /d0b5bdfcbb60c796750a.hot-update.json HTTP/1.1" WARN  o.s.w.s.m.m.a.ExceptionHandlerExceptionResolver - Resolved [org.springframework.web.servlet.NoHandlerFoundException: No handler found for GET /d0b5bdfcbb60c796750a.hot-update.json]
2024-03-13 21:15:34.601 [http-nio-80-exec-7] "GET /1a8f0aff8c0ff9b03ca9.hot-update.json HTTP/1.1" WARN  org.springframework.web.servlet.PageNotFound - No mapping for GET /1a8f0aff8c0ff9b03ca9.hot-update.json
2024-03-13 21:15:34.604 [http-nio-80-exec-7] "GET /1a8f0aff8c0ff9b03ca9.hot-update.json HTTP/1.1" WARN  o.s.w.s.m.m.a.ExceptionHandlerExceptionResolver - Resolved [org.springframework.web.servlet.NoHandlerFoundException: No handler found for GET /1a8f0aff8c0ff9b03ca9.hot-update.json]
2024-03-13 21:17:27.284 [restartedMain] "  " WARN  c.b.mybatisplus.core.injector.AbstractMethod - [com.recruit.mapper.NotifyMapper.update] Has been loaded by XML or SqlProvider or Mybatis's Annotation, so ignoring this injection for [class com.baomidou.mybatisplus.core.injector.methods.Update]
2024-03-13 21:21:53.419 [restartedMain] "  " WARN  c.b.mybatisplus.core.injector.AbstractMethod - [com.recruit.mapper.NotifyMapper.update] Has been loaded by XML or SqlProvider or Mybatis's Annotation, so ignoring this injection for [class com.baomidou.mybatisplus.core.injector.methods.Update]
2024-03-13 21:21:54.121 [restartedMain] "  " WARN  o.s.b.d.autoconfigure.OptionalLiveReloadServer - Unable to start LiveReload server
2024-03-13 21:21:54.157 [restartedMain] "  " WARN  o.s.b.w.s.c.AnnotationConfigServletWebServerApplicationContext - Exception encountered during context initialization - cancelling refresh attempt: org.springframework.context.ApplicationContextException: Failed to start bean 'webServerStartStop'; nested exception is org.springframework.boot.web.server.PortInUseException: Port 80 is already in use
2024-03-13 21:46:07.960 [restartedMain] "  " WARN  c.b.mybatisplus.core.injector.AbstractMethod - [com.recruit.mapper.NotifyMapper.update] Has been loaded by XML or SqlProvider or Mybatis's Annotation, so ignoring this injection for [class com.baomidou.mybatisplus.core.injector.methods.Update]
2024-03-13 21:46:37.800 [restartedMain] "  " WARN  c.b.mybatisplus.core.injector.AbstractMethod - [com.recruit.mapper.NotifyMapper.update] Has been loaded by XML or SqlProvider or Mybatis's Annotation, so ignoring this injection for [class com.baomidou.mybatisplus.core.injector.methods.Update]
2024-03-13 22:38:31.023 [restartedMain] "  " WARN  c.b.mybatisplus.core.injector.AbstractMethod - [com.recruit.mapper.NotifyMapper.update] Has been loaded by XML or SqlProvider or Mybatis's Annotation, so ignoring this injection for [class com.baomidou.mybatisplus.core.injector.methods.Update]
2024-03-13 22:42:15.483 [restartedMain] "  " WARN  c.b.mybatisplus.core.injector.AbstractMethod - [com.recruit.mapper.NotifyMapper.update] Has been loaded by XML or SqlProvider or Mybatis's Annotation, so ignoring this injection for [class com.baomidou.mybatisplus.core.injector.methods.Update]
2024-03-13 22:42:37.728 [restartedMain] "  " WARN  c.b.mybatisplus.core.injector.AbstractMethod - [com.recruit.mapper.NotifyMapper.update] Has been loaded by XML or SqlProvider or Mybatis's Annotation, so ignoring this injection for [class com.baomidou.mybatisplus.core.injector.methods.Update]
2024-03-13 22:49:06.592 [restartedMain] "  " WARN  c.b.mybatisplus.core.injector.AbstractMethod - [com.recruit.mapper.NotifyMapper.update] Has been loaded by XML or SqlProvider or Mybatis's Annotation, so ignoring this injection for [class com.baomidou.mybatisplus.core.injector.methods.Update]
2024-03-13 22:50:16.883 [restartedMain] "  " WARN  c.b.mybatisplus.core.injector.AbstractMethod - [com.recruit.mapper.NotifyMapper.update] Has been loaded by XML or SqlProvider or Mybatis's Annotation, so ignoring this injection for [class com.baomidou.mybatisplus.core.injector.methods.Update]
2024-03-13 22:54:33.862 [restartedMain] "  " WARN  c.b.mybatisplus.core.injector.AbstractMethod - [com.recruit.mapper.NotifyMapper.update] Has been loaded by XML or SqlProvider or Mybatis's Annotation, so ignoring this injection for [class com.baomidou.mybatisplus.core.injector.methods.Update]
2024-03-13 22:55:35.900 [restartedMain] "  " WARN  c.b.mybatisplus.core.injector.AbstractMethod - [com.recruit.mapper.NotifyMapper.update] Has been loaded by XML or SqlProvider or Mybatis's Annotation, so ignoring this injection for [class com.baomidou.mybatisplus.core.injector.methods.Update]
2024-03-13 22:55:59.675 [restartedMain] "  " WARN  c.b.mybatisplus.core.injector.AbstractMethod - [com.recruit.mapper.NotifyMapper.update] Has been loaded by XML or SqlProvider or Mybatis's Annotation, so ignoring this injection for [class com.baomidou.mybatisplus.core.injector.methods.Update]
2024-03-13 22:56:24.571 [restartedMain] "  " WARN  c.b.mybatisplus.core.injector.AbstractMethod - [com.recruit.mapper.NotifyMapper.update] Has been loaded by XML or SqlProvider or Mybatis's Annotation, so ignoring this injection for [class com.baomidou.mybatisplus.core.injector.methods.Update]
2024-03-13 22:56:48.703 [restartedMain] "  " WARN  c.b.mybatisplus.core.injector.AbstractMethod - [com.recruit.mapper.NotifyMapper.update] Has been loaded by XML or SqlProvider or Mybatis's Annotation, so ignoring this injection for [class com.baomidou.mybatisplus.core.injector.methods.Update]
2024-03-13 22:56:57.764 [restartedMain] "  " WARN  c.b.mybatisplus.core.injector.AbstractMethod - [com.recruit.mapper.NotifyMapper.update] Has been loaded by XML or SqlProvider or Mybatis's Annotation, so ignoring this injection for [class com.baomidou.mybatisplus.core.injector.methods.Update]
2024-03-13 22:58:50.089 [restartedMain] "  " WARN  c.b.mybatisplus.core.injector.AbstractMethod - [com.recruit.mapper.NotifyMapper.update] Has been loaded by XML or SqlProvider or Mybatis's Annotation, so ignoring this injection for [class com.baomidou.mybatisplus.core.injector.methods.Update]
2024-03-13 23:02:30.012 [restartedMain] "  " WARN  c.b.mybatisplus.core.injector.AbstractMethod - [com.recruit.mapper.NotifyMapper.update] Has been loaded by XML or SqlProvider or Mybatis's Annotation, so ignoring this injection for [class com.baomidou.mybatisplus.core.injector.methods.Update]
2024-03-13 23:02:36.423 [restartedMain] "  " WARN  c.b.mybatisplus.core.injector.AbstractMethod - [com.recruit.mapper.NotifyMapper.update] Has been loaded by XML or SqlProvider or Mybatis's Annotation, so ignoring this injection for [class com.baomidou.mybatisplus.core.injector.methods.Update]
2024-03-13 23:14:48.228 [HikariPool-1 housekeeper] "  " WARN  com.zaxxer.hikari.pool.HikariPool - HikariPool-1 - Thread starvation or clock leap detected (housekeeper delta=9m39s615ms).
2024-03-13 23:31:31.504 [HikariPool-1 housekeeper] "  " WARN  com.zaxxer.hikari.pool.HikariPool - HikariPool-1 - Thread starvation or clock leap detected (housekeeper delta=16m43s277ms).
2024-03-13 23:52:04.393 [HikariPool-1 housekeeper] "  " WARN  com.zaxxer.hikari.pool.HikariPool - HikariPool-1 - Thread starvation or clock leap detected (housekeeper delta=18m2s833ms).
