2024-03-12 00:13:24.787 [HikariPool-2 housekeeper] "  " WARN  com.zaxxer.hikari.pool.HikariPool - HikariPool-2 - Thread starvation or clock leap detected (housekeeper delta=57s769ms).
2024-03-12 00:30:27.921 [HikariPool-2 housekeeper] "  " WARN  com.zaxxer.hikari.pool.HikariPool - HikariPool-2 - Thread starvation or clock leap detected (housekeeper delta=16m33s100ms).
2024-03-12 00:50:10.279 [HikariPool-2 housekeeper] "  " WARN  com.zaxxer.hikari.pool.HikariPool - HikariPool-2 - Thread starvation or clock leap detected (housekeeper delta=16m12s309ms).
2024-03-12 01:13:54.671 [HikariPool-2 housekeeper] "  " WARN  com.zaxxer.hikari.pool.HikariPool - HikariPool-2 - Thread starvation or clock leap detected (housekeeper delta=15m36s421ms).
2024-03-12 01:32:06.886 [HikariPool-2 housekeeper] "  " WARN  com.zaxxer.hikari.pool.HikariPool - HikariPool-2 - Thread starvation or clock leap detected (housekeeper delta=15m42s158ms).
2024-03-12 01:42:19.351 [HikariPool-2 housekeeper] "  " WARN  com.zaxxer.hikari.pool.HikariPool - HikariPool-2 - Thread starvation or clock leap detected (housekeeper delta=7m42s430ms).
2024-03-12 01:51:12.642 [HikariPool-2 housekeeper] "  " WARN  com.zaxxer.hikari.pool.HikariPool - HikariPool-2 - Thread starvation or clock leap detected (housekeeper delta=5m53s224ms).
2024-03-12 02:09:19.906 [HikariPool-2 housekeeper] "  " WARN  com.zaxxer.hikari.pool.HikariPool - HikariPool-2 - Thread starvation or clock leap detected (housekeeper delta=15m37s206ms).
2024-03-12 02:28:02.651 [HikariPool-2 housekeeper] "  " WARN  com.zaxxer.hikari.pool.HikariPool - HikariPool-2 - Thread starvation or clock leap detected (housekeeper delta=16m12s695ms).
2024-03-12 02:34:21.829 [HikariPool-2 housekeeper] "  " WARN  com.zaxxer.hikari.pool.HikariPool - HikariPool-2 - Thread starvation or clock leap detected (housekeeper delta=3m19s118ms).
2024-03-12 02:37:15.681 [restartedMain] "  " WARN  c.b.mybatisplus.core.injector.AbstractMethod - [com.recruit.mapper.NotifyMapper.update] Has been loaded by XML or SqlProvider or Mybatis's Annotation, so ignoring this injection for [class com.baomidou.mybatisplus.core.injector.methods.Update]
2024-03-12 02:43:38.781 [restartedMain] "  " WARN  c.b.mybatisplus.core.injector.AbstractMethod - [com.recruit.mapper.NotifyMapper.update] Has been loaded by XML or SqlProvider or Mybatis's Annotation, so ignoring this injection for [class com.baomidou.mybatisplus.core.injector.methods.Update]
2024-03-12 02:44:15.148 [restartedMain] "  " WARN  c.b.mybatisplus.core.injector.AbstractMethod - [com.recruit.mapper.NotifyMapper.update] Has been loaded by XML or SqlProvider or Mybatis's Annotation, so ignoring this injection for [class com.baomidou.mybatisplus.core.injector.methods.Update]
2024-03-12 02:47:24.553 [restartedMain] "  " WARN  c.b.mybatisplus.core.injector.AbstractMethod - [com.recruit.mapper.NotifyMapper.update] Has been loaded by XML or SqlProvider or Mybatis's Annotation, so ignoring this injection for [class com.baomidou.mybatisplus.core.injector.methods.Update]
2024-03-12 02:48:43.195 [restartedMain] "  " WARN  c.b.mybatisplus.core.injector.AbstractMethod - [com.recruit.mapper.NotifyMapper.update] Has been loaded by XML or SqlProvider or Mybatis's Annotation, so ignoring this injection for [class com.baomidou.mybatisplus.core.injector.methods.Update]
2024-03-12 02:51:21.548 [restartedMain] "  " WARN  c.b.mybatisplus.core.injector.AbstractMethod - [com.recruit.mapper.NotifyMapper.update] Has been loaded by XML or SqlProvider or Mybatis's Annotation, so ignoring this injection for [class com.baomidou.mybatisplus.core.injector.methods.Update]
2024-03-12 02:56:19.606 [restartedMain] "  " WARN  c.b.mybatisplus.core.injector.AbstractMethod - [com.recruit.mapper.NotifyMapper.update] Has been loaded by XML or SqlProvider or Mybatis's Annotation, so ignoring this injection for [class com.baomidou.mybatisplus.core.injector.methods.Update]
2024-03-12 02:57:56.916 [http-nio-80-exec-3] "GET /recruit/interview/page/find/1 HTTP/1.1" WARN  o.s.w.s.m.m.a.ExceptionHandlerExceptionResolver - Resolved [io.github.talelin.autoconfigure.exception.TokenExpiredException: Token Expired]
2024-03-12 03:02:05.175 [restartedMain] "  " WARN  c.b.mybatisplus.core.injector.AbstractMethod - [com.recruit.mapper.NotifyMapper.update] Has been loaded by XML or SqlProvider or Mybatis's Annotation, so ignoring this injection for [class com.baomidou.mybatisplus.core.injector.methods.Update]
2024-03-12 03:07:58.685 [http-nio-80-exec-10] "GET /favicon.ico HTTP/1.1" WARN  org.springframework.web.servlet.PageNotFound - No mapping for GET /favicon.ico
2024-03-12 03:07:58.702 [http-nio-80-exec-10] "GET /favicon.ico HTTP/1.1" WARN  o.s.w.s.m.m.a.ExceptionHandlerExceptionResolver - Resolved [org.springframework.web.servlet.NoHandlerFoundException: No handler found for GET /favicon.ico]
2024-03-12 03:21:53.164 [http-nio-80-exec-4] "GET /favicon.ico HTTP/1.1" WARN  org.springframework.web.servlet.PageNotFound - No mapping for GET /favicon.ico
2024-03-12 03:21:53.169 [http-nio-80-exec-4] "GET /favicon.ico HTTP/1.1" WARN  o.s.w.s.m.m.a.ExceptionHandlerExceptionResolver - Resolved [org.springframework.web.servlet.NoHandlerFoundException: No handler found for GET /favicon.ico]
2024-03-12 03:55:27.795 [http-nio-80-exec-8] "GET /193fa388f1c568a49053.hot-update.json HTTP/1.1" WARN  org.springframework.web.servlet.PageNotFound - No mapping for GET /193fa388f1c568a49053.hot-update.json
2024-03-12 03:55:27.800 [http-nio-80-exec-8] "GET /193fa388f1c568a49053.hot-update.json HTTP/1.1" WARN  o.s.w.s.m.m.a.ExceptionHandlerExceptionResolver - Resolved [org.springframework.web.servlet.NoHandlerFoundException: No handler found for GET /193fa388f1c568a49053.hot-update.json]
2024-03-12 03:55:27.813 [http-nio-80-exec-3] "GET /193fa388f1c568a49053.hot-update.json HTTP/1.1" WARN  org.springframework.web.servlet.PageNotFound - No mapping for GET /193fa388f1c568a49053.hot-update.json
2024-03-12 03:55:27.814 [http-nio-80-exec-3] "GET /193fa388f1c568a49053.hot-update.json HTTP/1.1" WARN  o.s.w.s.m.m.a.ExceptionHandlerExceptionResolver - Resolved [org.springframework.web.servlet.NoHandlerFoundException: No handler found for GET /193fa388f1c568a49053.hot-update.json]
2024-03-12 04:09:51.179 [http-nio-80-exec-6] "GET /recruit/log/users HTTP/1.1" WARN  o.s.w.s.m.m.a.ExceptionHandlerExceptionResolver - Resolved [io.github.talelin.autoconfigure.exception.TokenExpiredException: Token Expired]
2024-03-12 04:16:23.994 [HikariPool-2 housekeeper] "  " WARN  com.zaxxer.hikari.pool.HikariPool - HikariPool-2 - Thread starvation or clock leap detected (housekeeper delta=1m38s358ms).
2024-03-12 04:33:27.390 [HikariPool-2 housekeeper] "  " WARN  com.zaxxer.hikari.pool.HikariPool - HikariPool-2 - Thread starvation or clock leap detected (housekeeper delta=17m3s398ms).
2024-03-12 04:54:14.303 [HikariPool-2 housekeeper] "  " WARN  com.zaxxer.hikari.pool.HikariPool - HikariPool-2 - Thread starvation or clock leap detected (housekeeper delta=15m46s813ms).
2024-03-12 05:11:48.885 [HikariPool-2 housekeeper] "  " WARN  com.zaxxer.hikari.pool.HikariPool - HikariPool-2 - Thread starvation or clock leap detected (housekeeper delta=16m4s550ms).
2024-03-12 05:35:25.752 [HikariPool-2 housekeeper] "  " WARN  com.zaxxer.hikari.pool.HikariPool - HikariPool-2 - Thread starvation or clock leap detected (housekeeper delta=18m6s822ms).
2024-03-12 05:57:39.606 [HikariPool-2 housekeeper] "  " WARN  com.zaxxer.hikari.pool.HikariPool - HikariPool-2 - Thread starvation or clock leap detected (housekeeper delta=16m43s781ms).
2024-03-12 06:14:45.592 [HikariPool-2 housekeeper] "  " WARN  com.zaxxer.hikari.pool.HikariPool - HikariPool-2 - Thread starvation or clock leap detected (housekeeper delta=14m35s948ms).
2024-03-12 06:33:51.653 [HikariPool-2 housekeeper] "  " WARN  com.zaxxer.hikari.pool.HikariPool - HikariPool-2 - Thread starvation or clock leap detected (housekeeper delta=16m36s30ms).
2024-03-12 06:51:55.810 [HikariPool-2 housekeeper] "  " WARN  com.zaxxer.hikari.pool.HikariPool - HikariPool-2 - Thread starvation or clock leap detected (housekeeper delta=15m34s100ms).
2024-03-12 07:10:32.634 [HikariPool-2 housekeeper] "  " WARN  com.zaxxer.hikari.pool.HikariPool - HikariPool-2 - Thread starvation or clock leap detected (housekeeper delta=15m36s756ms).
2024-03-12 07:15:55.914 [HikariPool-2 housekeeper] "  " WARN  com.zaxxer.hikari.pool.HikariPool - HikariPool-2 - Thread starvation or clock leap detected (housekeeper delta=2m53s228ms).
2024-03-12 07:34:57.365 [HikariPool-2 housekeeper] "  " WARN  com.zaxxer.hikari.pool.HikariPool - HikariPool-2 - Thread starvation or clock leap detected (housekeeper delta=16m31s409ms).
2024-03-12 07:54:14.962 [HikariPool-2 housekeeper] "  " WARN  com.zaxxer.hikari.pool.HikariPool - HikariPool-2 - Thread starvation or clock leap detected (housekeeper delta=16m47s558ms).
2024-03-12 08:00:10.621 [HikariPool-2 housekeeper] "  " WARN  com.zaxxer.hikari.pool.HikariPool - HikariPool-2 - Thread starvation or clock leap detected (housekeeper delta=3m55s654ms).
2024-03-12 08:16:55.720 [HikariPool-2 housekeeper] "  " WARN  com.zaxxer.hikari.pool.HikariPool - HikariPool-2 - Thread starvation or clock leap detected (housekeeper delta=13m15s72ms).
2024-03-12 08:34:53.540 [HikariPool-2 housekeeper] "  " WARN  com.zaxxer.hikari.pool.HikariPool - HikariPool-2 - Thread starvation or clock leap detected (housekeeper delta=15m27s795ms).
2024-03-12 08:53:50.030 [HikariPool-2 housekeeper] "  " WARN  com.zaxxer.hikari.pool.HikariPool - HikariPool-2 - Thread starvation or clock leap detected (housekeeper delta=15m56s445ms).
2024-03-12 09:13:01.774 [HikariPool-2 housekeeper] "  " WARN  com.zaxxer.hikari.pool.HikariPool - HikariPool-2 - Thread starvation or clock leap detected (housekeeper delta=17m11s699ms).
2024-03-12 09:33:16.003 [HikariPool-2 housekeeper] "  " WARN  com.zaxxer.hikari.pool.HikariPool - HikariPool-2 - Thread starvation or clock leap detected (housekeeper delta=16m44s165ms).
2024-03-12 09:52:04.929 [HikariPool-2 housekeeper] "  " WARN  com.zaxxer.hikari.pool.HikariPool - HikariPool-2 - Thread starvation or clock leap detected (housekeeper delta=16m48s897ms).
2024-03-12 10:11:03.508 [HikariPool-2 housekeeper] "  " WARN  com.zaxxer.hikari.pool.HikariPool - HikariPool-2 - Thread starvation or clock leap detected (housekeeper delta=15m58s517ms).
2024-03-12 10:17:51.871 [HikariPool-2 housekeeper] "  " WARN  com.zaxxer.hikari.pool.HikariPool - HikariPool-2 - Thread starvation or clock leap detected (housekeeper delta=4m48s375ms).
2024-03-12 10:38:37.779 [HikariPool-2 housekeeper] "  " WARN  com.zaxxer.hikari.pool.HikariPool - HikariPool-2 - Thread starvation or clock leap detected (housekeeper delta=17m15s843ms).
2024-03-12 10:56:08.677 [HikariPool-2 housekeeper] "  " WARN  com.zaxxer.hikari.pool.HikariPool - HikariPool-2 - Thread starvation or clock leap detected (housekeeper delta=15m30s871ms).
2024-03-12 11:16:47.013 [HikariPool-2 housekeeper] "  " WARN  com.zaxxer.hikari.pool.HikariPool - HikariPool-2 - Thread starvation or clock leap detected (housekeeper delta=17m8s280ms).
2024-03-12 11:34:29.621 [HikariPool-2 housekeeper] "  " WARN  com.zaxxer.hikari.pool.HikariPool - HikariPool-2 - Thread starvation or clock leap detected (housekeeper delta=15m42s578ms).
2024-03-12 11:47:16.890 [HikariPool-2 housekeeper] "  " WARN  com.zaxxer.hikari.pool.HikariPool - HikariPool-2 - Thread starvation or clock leap detected (housekeeper delta=10m17s205ms).
2024-03-12 12:05:42.827 [HikariPool-2 housekeeper] "  " WARN  com.zaxxer.hikari.pool.HikariPool - HikariPool-2 - Thread starvation or clock leap detected (housekeeper delta=15m55s894ms).
2024-03-12 12:18:46.887 [HikariPool-2 housekeeper] "  " WARN  com.zaxxer.hikari.pool.HikariPool - HikariPool-2 - Thread starvation or clock leap detected (housekeeper delta=10m34s29ms).
2024-03-12 12:38:13.063 [HikariPool-2 housekeeper] "  " WARN  com.zaxxer.hikari.pool.HikariPool - HikariPool-2 - Thread starvation or clock leap detected (housekeeper delta=16m26s107ms).
2024-03-12 12:57:23.572 [HikariPool-2 housekeeper] "  " WARN  com.zaxxer.hikari.pool.HikariPool - HikariPool-2 - Thread starvation or clock leap detected (housekeeper delta=16m40s471ms).
2024-03-12 13:14:32.767 [HikariPool-2 housekeeper] "  " WARN  com.zaxxer.hikari.pool.HikariPool - HikariPool-2 - Thread starvation or clock leap detected (housekeeper delta=14m39s142ms).
2024-03-12 13:19:31.760 [http-nio-80-exec-1] "GET /0786346eac6d546c29ca.hot-update.json HTTP/1.1" WARN  org.springframework.web.servlet.PageNotFound - No mapping for GET /0786346eac6d546c29ca.hot-update.json
2024-03-12 13:19:31.767 [http-nio-80-exec-1] "GET /0786346eac6d546c29ca.hot-update.json HTTP/1.1" WARN  o.s.w.s.m.m.a.ExceptionHandlerExceptionResolver - Resolved [org.springframework.web.servlet.NoHandlerFoundException: No handler found for GET /0786346eac6d546c29ca.hot-update.json]
2024-03-12 13:45:07.932 [HikariPool-2 housekeeper] "  " WARN  com.zaxxer.hikari.pool.HikariPool - HikariPool-2 - Thread starvation or clock leap detected (housekeeper delta=14m32s467ms).
2024-03-12 14:03:43.931 [HikariPool-2 housekeeper] "  " WARN  com.zaxxer.hikari.pool.HikariPool - HikariPool-2 - Thread starvation or clock leap detected (housekeeper delta=18m6s7ms).
2024-03-12 14:21:58.824 [HikariPool-2 housekeeper] "  " WARN  com.zaxxer.hikari.pool.HikariPool - HikariPool-2 - Thread starvation or clock leap detected (housekeeper delta=15m44s866ms).
2024-03-12 14:34:38.323 [HikariPool-2 housekeeper] "  " WARN  com.zaxxer.hikari.pool.HikariPool - HikariPool-2 - Thread starvation or clock leap detected (housekeeper delta=10m9s439ms).
2024-03-12 14:52:50.631 [HikariPool-2 housekeeper] "  " WARN  com.zaxxer.hikari.pool.HikariPool - HikariPool-2 - Thread starvation or clock leap detected (housekeeper delta=15m42s272ms).
2024-03-12 15:06:02.283 [HikariPool-2 housekeeper] "  " WARN  com.zaxxer.hikari.pool.HikariPool - HikariPool-2 - Thread starvation or clock leap detected (housekeeper delta=10m11s580ms).
2024-03-12 15:14:23.042 [HikariPool-2 housekeeper] "  " WARN  com.zaxxer.hikari.pool.HikariPool - HikariPool-2 - Thread starvation or clock leap detected (housekeeper delta=5m50s707ms).
2024-03-12 15:30:27.775 [http-nio-80-exec-8] "GET /0786346eac6d546c29ca.hot-update.json HTTP/1.1" WARN  org.springframework.web.servlet.PageNotFound - No mapping for GET /0786346eac6d546c29ca.hot-update.json
2024-03-12 15:30:27.783 [http-nio-80-exec-8] "GET /0786346eac6d546c29ca.hot-update.json HTTP/1.1" WARN  o.s.w.s.m.m.a.ExceptionHandlerExceptionResolver - Resolved [org.springframework.web.servlet.NoHandlerFoundException: No handler found for GET /0786346eac6d546c29ca.hot-update.json]
2024-03-12 15:32:33.209 [http-nio-80-exec-10] "GET /0786346eac6d546c29ca.hot-update.json HTTP/1.1" WARN  org.springframework.web.servlet.PageNotFound - No mapping for GET /0786346eac6d546c29ca.hot-update.json
2024-03-12 15:32:33.216 [http-nio-80-exec-10] "GET /0786346eac6d546c29ca.hot-update.json HTTP/1.1" WARN  o.s.w.s.m.m.a.ExceptionHandlerExceptionResolver - Resolved [org.springframework.web.servlet.NoHandlerFoundException: No handler found for GET /0786346eac6d546c29ca.hot-update.json]
2024-03-12 16:46:11.712 [HikariPool-2 housekeeper] "  " WARN  com.zaxxer.hikari.pool.HikariPool - HikariPool-2 - Thread starvation or clock leap detected (housekeeper delta=41m18s255ms).
2024-03-12 16:53:55.300 [HikariPool-2 housekeeper] "  " WARN  com.zaxxer.hikari.pool.HikariPool - HikariPool-2 - Thread starvation or clock leap detected (housekeeper delta=7m13s579ms).
2024-03-12 16:56:49.060 [http-nio-80-exec-9] "GET /recruit/log/users HTTP/1.1" WARN  o.s.w.s.m.m.a.ExceptionHandlerExceptionResolver - Resolved [io.github.talelin.autoconfigure.exception.TokenExpiredException: Token Expired]
2024-03-12 16:56:53.260 [http-nio-80-exec-1] "GET /recruit/resume/null HTTP/1.1" WARN  o.s.w.s.m.m.a.ExceptionHandlerExceptionResolver - Resolved [org.springframework.web.method.annotation.MethodArgumentTypeMismatchException: Failed to convert value of type 'java.lang.String' to required type 'java.lang.Integer'; nested exception is java.lang.NumberFormatException: For input string: "null"]
2024-03-12 16:57:05.128 [http-nio-80-exec-6] "GET /recruit/resume/null HTTP/1.1" WARN  o.s.w.s.m.m.a.ExceptionHandlerExceptionResolver - Resolved [org.springframework.web.method.annotation.MethodArgumentTypeMismatchException: Failed to convert value of type 'java.lang.String' to required type 'java.lang.Integer'; nested exception is java.lang.NumberFormatException: For input string: "null"]
2024-03-12 17:03:20.944 [http-nio-80-exec-5] "GET /recruit/resume/null HTTP/1.1" WARN  o.s.w.s.m.m.a.ExceptionHandlerExceptionResolver - Resolved [org.springframework.web.method.annotation.MethodArgumentTypeMismatchException: Failed to convert value of type 'java.lang.String' to required type 'java.lang.Integer'; nested exception is java.lang.NumberFormatException: For input string: "null"]
2024-03-12 17:03:23.570 [http-nio-80-exec-8] "GET /recruit/resume/null HTTP/1.1" WARN  o.s.w.s.m.m.a.ExceptionHandlerExceptionResolver - Resolved [org.springframework.web.method.annotation.MethodArgumentTypeMismatchException: Failed to convert value of type 'java.lang.String' to required type 'java.lang.Integer'; nested exception is java.lang.NumberFormatException: For input string: "null"]
2024-03-12 19:43:29.993 [HikariPool-2 housekeeper] "  " WARN  com.zaxxer.hikari.pool.HikariPool - HikariPool-2 - Thread starvation or clock leap detected (housekeeper delta=11m31s401ms).
2024-03-12 20:01:59.185 [HikariPool-2 housekeeper] "  " WARN  com.zaxxer.hikari.pool.HikariPool - HikariPool-2 - Thread starvation or clock leap detected (housekeeper delta=15m47s516ms).
2024-03-12 20:18:46.684 [HikariPool-2 housekeeper] "  " WARN  com.zaxxer.hikari.pool.HikariPool - HikariPool-2 - Thread starvation or clock leap detected (housekeeper delta=16m17s491ms).
2024-03-12 20:38:02.574 [HikariPool-2 housekeeper] "  " WARN  com.zaxxer.hikari.pool.HikariPool - HikariPool-2 - Thread starvation or clock leap detected (housekeeper delta=15m45s825ms).
2024-03-12 20:46:15.677 [HikariPool-2 housekeeper] "  " WARN  com.zaxxer.hikari.pool.HikariPool - HikariPool-2 - Thread starvation or clock leap detected (housekeeper delta=3m43s14ms).
2024-03-12 21:06:18.460 [HikariPool-2 housekeeper] "  " WARN  com.zaxxer.hikari.pool.HikariPool - HikariPool-2 - Thread starvation or clock leap detected (housekeeper delta=15m32s707ms).
2024-03-12 21:24:51.807 [HikariPool-2 housekeeper] "  " WARN  com.zaxxer.hikari.pool.HikariPool - HikariPool-2 - Thread starvation or clock leap detected (housekeeper delta=15m33s294ms).
2024-03-12 21:28:50.221 [HikariPool-2 housekeeper] "  " WARN  com.zaxxer.hikari.pool.HikariPool - HikariPool-2 - Thread starvation or clock leap detected (housekeeper delta=58s378ms).
2024-03-12 21:33:54.806 [HikariPool-2 housekeeper] "  " WARN  com.zaxxer.hikari.pool.HikariPool - HikariPool-2 - Thread starvation or clock leap detected (housekeeper delta=5m4s584ms).
2024-03-12 22:28:28.317 [http-nio-80-exec-2] "GET /favicon.ico HTTP/1.1" WARN  org.springframework.web.servlet.PageNotFound - No mapping for GET /favicon.ico
2024-03-12 22:28:28.384 [http-nio-80-exec-2] "GET /favicon.ico HTTP/1.1" WARN  o.s.w.s.m.m.a.ExceptionHandlerExceptionResolver - Resolved [org.springframework.web.servlet.NoHandlerFoundException: No handler found for GET /favicon.ico]
2024-03-12 22:28:50.526 [http-nio-80-exec-1] "GET /0786346eac6d546c29ca.hot-update.json HTTP/1.1" WARN  org.springframework.web.servlet.PageNotFound - No mapping for GET /0786346eac6d546c29ca.hot-update.json
2024-03-12 22:28:50.535 [http-nio-80-exec-1] "GET /0786346eac6d546c29ca.hot-update.json HTTP/1.1" WARN  o.s.w.s.m.m.a.ExceptionHandlerExceptionResolver - Resolved [org.springframework.web.servlet.NoHandlerFoundException: No handler found for GET /0786346eac6d546c29ca.hot-update.json]
